 2025-09-04 20:43:44 [File Watcher] INFO  o.s.b.d.a.LocalDevToolsAutoConfiguration$RestartingClassPathChangeChangedEventListener - Restarting due to 3 class path changes (0 additions, 3 deletions, 0 modifications)
2025-09-04 20:43:44 [Thread-11] INFO  o.s.b.w.e.tomcat.GracefulShutdown - Commencing graceful shutdown. Waiting for active requests to complete
2025-09-04 20:43:44 [tomcat-shutdown] INFO  o.a.coyote.http11.Http11NioProtocol - Pausing ProtocolHandler ["http-nio-8080"]
2025-09-04 20:43:44 [tomcat-shutdown] INFO  o.s.b.w.e.tomcat.GracefulShutdown - Graceful shutdown complete
2025-09-04 20:43:44 [Thread-11] INFO  o.a.coyote.http11.Http11NioProtocol - Stopping ProtocolHandler ["http-nio-8080"]
2025-09-04 20:43:49 [restartedMain] INFO  c.s.ShivadnyaConstructionApplication - Starting ShivadnyaConstructionApplication using Java 17.0.10 with PID 21608 (C:\Users\Niteen\OneDrive\Documents\September Batch\Java\Advance java\Eclipse IDE\Spring Boot\ShivadnyaConstruction\target\classes started by Niteen in C:\Users\Niteen\OneDrive\Documents\September Batch\Java\Advance java\Eclipse IDE\Spring Boot\ShivadnyaConstruction)
2025-09-04 20:43:49 [restartedMain] DEBUG c.s.ShivadnyaConstructionApplication - Running with Spring Boot v3.5.5, Spring v6.2.10
2025-09-04 20:43:49 [restartedMain] INFO  c.s.ShivadnyaConstructionApplication - No active profile set, falling back to 1 default profile: "default"
2025-09-04 20:43:49 [restartedMain] INFO  o.s.b.w.e.tomcat.TomcatWebServer - Tomcat initialized with port 8080 (http)
2025-09-04 20:43:49 [restartedMain] INFO  o.a.catalina.core.StandardService - Starting service [Tomcat]
2025-09-04 20:43:49 [restartedMain] INFO  o.a.catalina.core.StandardEngine - Starting Servlet engine: [Apache Tomcat/10.1.44]
2025-09-04 20:43:49 [restartedMain] INFO  o.a.c.c.C.[Tomcat].[localhost].[/] - Initializing Spring embedded WebApplicationContext
2025-09-04 20:43:49 [restartedMain] INFO  o.s.b.w.s.c.ServletWebServerApplicationContext - Root WebApplicationContext: initialization completed in 158 ms
2025-09-04 20:43:49 [restartedMain] WARN  o.s.b.a.t.ThymeleafAutoConfiguration$DefaultTemplateResolverConfiguration - Cannot find template location: classpath:/templates/ (please add some templates, check your Thymeleaf configuration, or set spring.thymeleaf.check-template-location=false)
2025-09-04 20:43:49 [restartedMain] INFO  o.s.b.d.a.OptionalLiveReloadServer - LiveReload server is running on port 35729
2025-09-04 20:43:49 [restartedMain] INFO  o.s.b.w.e.tomcat.TomcatWebServer - Tomcat started on port 8080 (http) with context path '/'
2025-09-04 20:43:49 [restartedMain] INFO  c.s.ShivadnyaConstructionApplication - Started ShivadnyaConstructionApplication in 0.242 seconds (process running for 24652.919)
2025-09-04 20:43:49 [restartedMain] INFO  o.s.b.d.a.ConditionEvaluationDeltaLoggingListener - Condition evaluation unchanged
2025-09-04 20:43:49 [restartedMain] INFO  c.s.ShivadnyaConstructionApplication - ShivadnyaConstructionApplication.main()
2025-09-04 20:44:31 [File Watcher] INFO  o.s.b.d.a.LocalDevToolsAutoConfiguration$RestartingClassPathChangeChangedEventListener - Restarting due to 3 class path changes (0 additions, 2 deletions, 1 modification)
2025-09-04 20:44:31 [Thread-23] INFO  o.s.b.w.e.tomcat.GracefulShutdown - Commencing graceful shutdown. Waiting for active requests to complete
2025-09-04 20:44:31 [tomcat-shutdown] INFO  o.s.b.w.e.tomcat.GracefulShutdown - Graceful shutdown complete
2025-09-04 20:44:34 [restartedMain] INFO  c.s.ShivadnyaConstructionApplication - Starting ShivadnyaConstructionApplication using Java 17.0.10 with PID 21608 (C:\Users\Niteen\OneDrive\Documents\September Batch\Java\Advance java\Eclipse IDE\Spring Boot\ShivadnyaConstruction\target\classes started by Niteen in C:\Users\Niteen\OneDrive\Documents\September Batch\Java\Advance java\Eclipse IDE\Spring Boot\ShivadnyaConstruction)
2025-09-04 20:44:34 [restartedMain] DEBUG c.s.ShivadnyaConstructionApplication - Running with Spring Boot v3.5.5, Spring v6.2.10
2025-09-04 20:44:34 [restartedMain] INFO  c.s.ShivadnyaConstructionApplication - No active profile set, falling back to 1 default profile: "default"
2025-09-04 20:44:34 [restartedMain] INFO  o.s.b.w.e.tomcat.TomcatWebServer - Tomcat initialized with port 8080 (http)
2025-09-04 20:44:34 [restartedMain] INFO  o.a.catalina.core.StandardService - Starting service [Tomcat]
2025-09-04 20:44:34 [restartedMain] INFO  o.a.catalina.core.StandardEngine - Starting Servlet engine: [Apache Tomcat/10.1.44]
2025-09-04 20:44:34 [restartedMain] INFO  o.a.c.c.C.[Tomcat].[localhost].[/] - Initializing Spring embedded WebApplicationContext
2025-09-04 20:44:34 [restartedMain] INFO  o.s.b.w.s.c.ServletWebServerApplicationContext - Root WebApplicationContext: initialization completed in 208 ms
2025-09-04 20:44:34 [restartedMain] WARN  o.s.b.a.t.ThymeleafAutoConfiguration$DefaultTemplateResolverConfiguration - Cannot find template location: classpath:/templates/ (please add some templates, check your Thymeleaf configuration, or set spring.thymeleaf.check-template-location=false)
2025-09-04 20:44:34 [restartedMain] INFO  o.s.b.d.a.OptionalLiveReloadServer - LiveReload server is running on port 35729
2025-09-04 20:44:34 [restartedMain] INFO  o.s.b.w.e.tomcat.TomcatWebServer - Tomcat started on port 8080 (http) with context path '/'
2025-09-04 20:44:34 [restartedMain] INFO  c.s.ShivadnyaConstructionApplication - Started ShivadnyaConstructionApplication in 0.316 seconds (process running for 24698.166)
2025-09-04 20:44:34 [restartedMain] INFO  o.s.b.d.a.ConditionEvaluationDeltaLoggingListener - Condition evaluation unchanged
2025-09-04 20:44:34 [restartedMain] INFO  c.s.ShivadnyaConstructionApplication - ShivadnyaConstructionApplication.main()
2025-09-04 20:45:36 [File Watcher] INFO  o.s.b.d.a.LocalDevToolsAutoConfiguration$RestartingClassPathChangeChangedEventListener - Restarting due to 1 class path change (1 addition, 0 deletions, 0 modifications)
2025-09-04 20:45:36 [Thread-31] INFO  o.s.b.w.e.tomcat.GracefulShutdown - Commencing graceful shutdown. Waiting for active requests to complete
2025-09-04 20:45:36 [tomcat-shutdown] INFO  o.s.b.w.e.tomcat.GracefulShutdown - Graceful shutdown complete
2025-09-04 20:45:36 [restartedMain] INFO  c.s.ShivadnyaConstructionApplication - Starting ShivadnyaConstructionApplication using Java 17.0.10 with PID 21608 (C:\Users\Niteen\OneDrive\Documents\September Batch\Java\Advance java\Eclipse IDE\Spring Boot\ShivadnyaConstruction\target\classes started by Niteen in C:\Users\Niteen\OneDrive\Documents\September Batch\Java\Advance java\Eclipse IDE\Spring Boot\ShivadnyaConstruction)
2025-09-04 20:45:36 [restartedMain] DEBUG c.s.ShivadnyaConstructionApplication - Running with Spring Boot v3.5.5, Spring v6.2.10
2025-09-04 20:45:36 [restartedMain] INFO  c.s.ShivadnyaConstructionApplication - No active profile set, falling back to 1 default profile: "default"
2025-09-04 20:45:36 [restartedMain] INFO  o.s.b.w.e.tomcat.TomcatWebServer - Tomcat initialized with port 8080 (http)
2025-09-04 20:45:36 [restartedMain] INFO  o.a.catalina.core.StandardService - Starting service [Tomcat]
2025-09-04 20:45:36 [restartedMain] INFO  o.a.catalina.core.StandardEngine - Starting Servlet engine: [Apache Tomcat/10.1.44]
2025-09-04 20:45:36 [restartedMain] INFO  o.a.c.c.C.[Tomcat].[localhost].[/] - Initializing Spring embedded WebApplicationContext
2025-09-04 20:45:36 [restartedMain] INFO  o.s.b.w.s.c.ServletWebServerApplicationContext - Root WebApplicationContext: initialization completed in 278 ms
2025-09-04 20:45:37 [restartedMain] WARN  o.s.b.a.t.ThymeleafAutoConfiguration$DefaultTemplateResolverConfiguration - Cannot find template location: classpath:/templates/ (please add some templates, check your Thymeleaf configuration, or set spring.thymeleaf.check-template-location=false)
2025-09-04 20:45:37 [restartedMain] INFO  o.s.b.d.a.OptionalLiveReloadServer - LiveReload server is running on port 35729
2025-09-04 20:45:37 [restartedMain] INFO  o.s.b.w.e.tomcat.TomcatWebServer - Tomcat started on port 8080 (http) with context path '/'
2025-09-04 20:45:37 [restartedMain] INFO  c.s.ShivadnyaConstructionApplication - Started ShivadnyaConstructionApplication in 0.402 seconds (process running for 24760.269)
2025-09-04 20:45:37 [restartedMain] INFO  o.s.b.d.a.ConditionEvaluationDeltaLoggingListener - Condition evaluation unchanged
2025-09-04 20:45:37 [restartedMain] INFO  c.s.ShivadnyaConstructionApplication - ShivadnyaConstructionApplication.main()
2025-09-04 20:47:09 [File Watcher] INFO  o.s.b.d.a.LocalDevToolsAutoConfiguration$RestartingClassPathChangeChangedEventListener - Restarting due to 1 class path change (1 addition, 0 deletions, 0 modifications)
2025-09-04 20:47:09 [Thread-35] INFO  o.s.b.w.e.tomcat.GracefulShutdown - Commencing graceful shutdown. Waiting for active requests to complete
2025-09-04 20:47:09 [tomcat-shutdown] INFO  o.s.b.w.e.tomcat.GracefulShutdown - Graceful shutdown complete
2025-09-04 20:47:10 [restartedMain] INFO  c.s.ShivadnyaConstructionApplication - Starting ShivadnyaConstructionApplication using Java 17.0.10 with PID 21608 (C:\Users\Niteen\OneDrive\Documents\September Batch\Java\Advance java\Eclipse IDE\Spring Boot\ShivadnyaConstruction\target\classes started by Niteen in C:\Users\Niteen\OneDrive\Documents\September Batch\Java\Advance java\Eclipse IDE\Spring Boot\ShivadnyaConstruction)
2025-09-04 20:47:10 [restartedMain] DEBUG c.s.ShivadnyaConstructionApplication - Running with Spring Boot v3.5.5, Spring v6.2.10
2025-09-04 20:47:10 [restartedMain] INFO  c.s.ShivadnyaConstructionApplication - No active profile set, falling back to 1 default profile: "default"
2025-09-04 20:47:10 [restartedMain] INFO  o.s.b.w.e.tomcat.TomcatWebServer - Tomcat initialized with port 8080 (http)
2025-09-04 20:47:10 [restartedMain] INFO  o.a.catalina.core.StandardService - Starting service [Tomcat]
2025-09-04 20:47:10 [restartedMain] INFO  o.a.catalina.core.StandardEngine - Starting Servlet engine: [Apache Tomcat/10.1.44]
2025-09-04 20:47:10 [restartedMain] INFO  o.a.c.c.C.[Tomcat].[localhost].[/] - Initializing Spring embedded WebApplicationContext
2025-09-04 20:47:10 [restartedMain] INFO  o.s.b.w.s.c.ServletWebServerApplicationContext - Root WebApplicationContext: initialization completed in 432 ms
2025-09-04 20:47:10 [restartedMain] WARN  o.s.b.a.t.ThymeleafAutoConfiguration$DefaultTemplateResolverConfiguration - Cannot find template location: classpath:/templates/ (please add some templates, check your Thymeleaf configuration, or set spring.thymeleaf.check-template-location=false)
2025-09-04 20:47:10 [restartedMain] INFO  o.s.b.d.a.OptionalLiveReloadServer - LiveReload server is running on port 35729
2025-09-04 20:47:10 [restartedMain] INFO  o.s.b.w.e.tomcat.TomcatWebServer - Tomcat started on port 8080 (http) with context path '/'
2025-09-04 20:47:10 [restartedMain] INFO  c.s.ShivadnyaConstructionApplication - Started ShivadnyaConstructionApplication in 0.589 seconds (process running for 24853.932)
2025-09-04 20:47:10 [restartedMain] INFO  o.s.b.d.a.ConditionEvaluationDeltaLoggingListener - Condition evaluation unchanged
2025-09-04 20:47:10 [restartedMain] INFO  c.s.ShivadnyaConstructionApplication - ShivadnyaConstructionApplication.main()
2025-09-04 20:47:51 [File Watcher] INFO  o.s.b.d.a.LocalDevToolsAutoConfiguration$RestartingClassPathChangeChangedEventListener - Restarting due to 1 class path change (1 addition, 0 deletions, 0 modifications)
2025-09-04 20:47:51 [Thread-39] INFO  o.s.b.w.e.tomcat.GracefulShutdown - Commencing graceful shutdown. Waiting for active requests to complete
2025-09-04 20:47:51 [tomcat-shutdown] INFO  o.s.b.w.e.tomcat.GracefulShutdown - Graceful shutdown complete
2025-09-04 20:47:51 [restartedMain] INFO  c.s.ShivadnyaConstructionApplication - Starting ShivadnyaConstructionApplication using Java 17.0.10 with PID 21608 (C:\Users\Niteen\OneDrive\Documents\September Batch\Java\Advance java\Eclipse IDE\Spring Boot\ShivadnyaConstruction\target\classes started by Niteen in C:\Users\Niteen\OneDrive\Documents\September Batch\Java\Advance java\Eclipse IDE\Spring Boot\ShivadnyaConstruction)
2025-09-04 20:47:51 [restartedMain] DEBUG c.s.ShivadnyaConstructionApplication - Running with Spring Boot v3.5.5, Spring v6.2.10
2025-09-04 20:47:51 [restartedMain] INFO  c.s.ShivadnyaConstructionApplication - No active profile set, falling back to 1 default profile: "default"
2025-09-04 20:47:51 [restartedMain] INFO  o.s.b.w.e.tomcat.TomcatWebServer - Tomcat initialized with port 8080 (http)
2025-09-04 20:47:51 [restartedMain] INFO  o.a.catalina.core.StandardService - Starting service [Tomcat]
2025-09-04 20:47:51 [restartedMain] INFO  o.a.catalina.core.StandardEngine - Starting Servlet engine: [Apache Tomcat/10.1.44]
2025-09-04 20:47:51 [restartedMain] INFO  o.a.c.c.C.[Tomcat].[localhost].[/] - Initializing Spring embedded WebApplicationContext
2025-09-04 20:47:51 [restartedMain] INFO  o.s.b.w.s.c.ServletWebServerApplicationContext - Root WebApplicationContext: initialization completed in 220 ms
2025-09-04 20:47:51 [restartedMain] WARN  o.s.b.a.t.ThymeleafAutoConfiguration$DefaultTemplateResolverConfiguration - Cannot find template location: classpath:/templates/ (please add some templates, check your Thymeleaf configuration, or set spring.thymeleaf.check-template-location=false)
2025-09-04 20:47:51 [restartedMain] INFO  o.s.b.d.a.OptionalLiveReloadServer - LiveReload server is running on port 35729
2025-09-04 20:47:51 [restartedMain] INFO  o.s.b.w.e.tomcat.TomcatWebServer - Tomcat started on port 8080 (http) with context path '/'
2025-09-04 20:47:51 [restartedMain] INFO  c.s.ShivadnyaConstructionApplication - Started ShivadnyaConstructionApplication in 0.327 seconds (process running for 24895.172)
2025-09-04 20:47:51 [restartedMain] INFO  o.s.b.d.a.ConditionEvaluationDeltaLoggingListener - Condition evaluation unchanged
2025-09-04 20:47:51 [restartedMain] INFO  c.s.ShivadnyaConstructionApplication - ShivadnyaConstructionApplication.main()
2025-09-04 20:50:20 [File Watcher] INFO  o.s.b.d.a.LocalDevToolsAutoConfiguration$RestartingClassPathChangeChangedEventListener - Restarting due to 1 class path change (1 addition, 0 deletions, 0 modifications)
2025-09-04 20:50:20 [Thread-43] INFO  o.s.b.w.e.tomcat.GracefulShutdown - Commencing graceful shutdown. Waiting for active requests to complete
2025-09-04 20:50:20 [tomcat-shutdown] INFO  o.s.b.w.e.tomcat.GracefulShutdown - Graceful shutdown complete
2025-09-04 20:50:20 [restartedMain] INFO  c.s.ShivadnyaConstructionApplication - Starting ShivadnyaConstructionApplication using Java 17.0.10 with PID 21608 (C:\Users\Niteen\OneDrive\Documents\September Batch\Java\Advance java\Eclipse IDE\Spring Boot\ShivadnyaConstruction\target\classes started by Niteen in C:\Users\Niteen\OneDrive\Documents\September Batch\Java\Advance java\Eclipse IDE\Spring Boot\ShivadnyaConstruction)
2025-09-04 20:50:20 [restartedMain] DEBUG c.s.ShivadnyaConstructionApplication - Running with Spring Boot v3.5.5, Spring v6.2.10
2025-09-04 20:50:20 [restartedMain] INFO  c.s.ShivadnyaConstructionApplication - No active profile set, falling back to 1 default profile: "default"
2025-09-04 20:50:21 [restartedMain] INFO  o.s.b.w.e.tomcat.TomcatWebServer - Tomcat initialized with port 8080 (http)
2025-09-04 20:50:21 [restartedMain] INFO  o.a.catalina.core.StandardService - Starting service [Tomcat]
2025-09-04 20:50:21 [restartedMain] INFO  o.a.catalina.core.StandardEngine - Starting Servlet engine: [Apache Tomcat/10.1.44]
2025-09-04 20:50:21 [restartedMain] INFO  o.a.c.c.C.[Tomcat].[localhost].[/] - Initializing Spring embedded WebApplicationContext
2025-09-04 20:50:21 [restartedMain] INFO  o.s.b.w.s.c.ServletWebServerApplicationContext - Root WebApplicationContext: initialization completed in 156 ms
2025-09-04 20:50:21 [restartedMain] WARN  o.s.b.a.t.ThymeleafAutoConfiguration$DefaultTemplateResolverConfiguration - Cannot find template location: classpath:/templates/ (please add some templates, check your Thymeleaf configuration, or set spring.thymeleaf.check-template-location=false)
2025-09-04 20:50:21 [restartedMain] INFO  o.s.b.d.a.OptionalLiveReloadServer - LiveReload server is running on port 35729
2025-09-04 20:50:21 [restartedMain] INFO  o.s.b.w.e.tomcat.TomcatWebServer - Tomcat started on port 8080 (http) with context path '/'
2025-09-04 20:50:21 [restartedMain] INFO  c.s.ShivadnyaConstructionApplication - Started ShivadnyaConstructionApplication in 0.254 seconds (process running for 25044.436)
2025-09-04 20:50:21 [restartedMain] INFO  o.s.b.d.a.ConditionEvaluationDeltaLoggingListener - Condition evaluation unchanged
2025-09-04 20:50:21 [restartedMain] INFO  c.s.ShivadnyaConstructionApplication - ShivadnyaConstructionApplication.main()
2025-09-04 20:54:01 [File Watcher] INFO  o.s.b.d.a.LocalDevToolsAutoConfiguration$RestartingClassPathChangeChangedEventListener - Restarting due to 1 class path change (1 addition, 0 deletions, 0 modifications)
2025-09-04 20:54:01 [Thread-47] INFO  o.s.b.w.e.tomcat.GracefulShutdown - Commencing graceful shutdown. Waiting for active requests to complete
2025-09-04 20:54:01 [tomcat-shutdown] INFO  o.s.b.w.e.tomcat.GracefulShutdown - Graceful shutdown complete
2025-09-04 20:54:01 [restartedMain] INFO  c.s.ShivadnyaConstructionApplication - Starting ShivadnyaConstructionApplication using Java 17.0.10 with PID 21608 (C:\Users\Niteen\OneDrive\Documents\September Batch\Java\Advance java\Eclipse IDE\Spring Boot\ShivadnyaConstruction\target\classes started by Niteen in C:\Users\Niteen\OneDrive\Documents\September Batch\Java\Advance java\Eclipse IDE\Spring Boot\ShivadnyaConstruction)
2025-09-04 20:54:01 [restartedMain] DEBUG c.s.ShivadnyaConstructionApplication - Running with Spring Boot v3.5.5, Spring v6.2.10
2025-09-04 20:54:01 [restartedMain] INFO  c.s.ShivadnyaConstructionApplication - No active profile set, falling back to 1 default profile: "default"
2025-09-04 20:54:01 [restartedMain] INFO  o.s.b.w.e.tomcat.TomcatWebServer - Tomcat initialized with port 8080 (http)
2025-09-04 20:54:01 [restartedMain] INFO  o.a.catalina.core.StandardService - Starting service [Tomcat]
2025-09-04 20:54:01 [restartedMain] INFO  o.a.catalina.core.StandardEngine - Starting Servlet engine: [Apache Tomcat/10.1.44]
2025-09-04 20:54:01 [restartedMain] INFO  o.a.c.c.C.[Tomcat].[localhost].[/] - Initializing Spring embedded WebApplicationContext
2025-09-04 20:54:01 [restartedMain] INFO  o.s.b.w.s.c.ServletWebServerApplicationContext - Root WebApplicationContext: initialization completed in 231 ms
2025-09-04 20:54:01 [restartedMain] WARN  o.s.b.a.t.ThymeleafAutoConfiguration$DefaultTemplateResolverConfiguration - Cannot find template location: classpath:/templates/ (please add some templates, check your Thymeleaf configuration, or set spring.thymeleaf.check-template-location=false)
2025-09-04 20:54:01 [restartedMain] INFO  o.s.b.d.a.OptionalLiveReloadServer - LiveReload server is running on port 35729
2025-09-04 20:54:01 [restartedMain] INFO  o.s.b.w.e.tomcat.TomcatWebServer - Tomcat started on port 8080 (http) with context path '/'
2025-09-04 20:54:01 [restartedMain] INFO  c.s.ShivadnyaConstructionApplication - Started ShivadnyaConstructionApplication in 0.303 seconds (process running for 25264.866)
2025-09-04 20:54:01 [restartedMain] INFO  o.s.b.d.a.ConditionEvaluationDeltaLoggingListener - Condition evaluation unchanged
2025-09-04 20:54:01 [restartedMain] INFO  c.s.ShivadnyaConstructionApplication - ShivadnyaConstructionApplication.main()
2025-09-04 20:55:31 [File Watcher] INFO  o.s.b.d.a.LocalDevToolsAutoConfiguration$RestartingClassPathChangeChangedEventListener - Restarting due to 1 class path change (1 addition, 0 deletions, 0 modifications)
2025-09-04 20:55:31 [Thread-51] INFO  o.s.b.w.e.tomcat.GracefulShutdown - Commencing graceful shutdown. Waiting for active requests to complete
2025-09-04 20:55:31 [tomcat-shutdown] INFO  o.s.b.w.e.tomcat.GracefulShutdown - Graceful shutdown complete
2025-09-04 20:55:32 [restartedMain] INFO  c.s.ShivadnyaConstructionApplication - Starting ShivadnyaConstructionApplication using Java 17.0.10 with PID 21608 (C:\Users\Niteen\OneDrive\Documents\September Batch\Java\Advance java\Eclipse IDE\Spring Boot\ShivadnyaConstruction\target\classes started by Niteen in C:\Users\Niteen\OneDrive\Documents\September Batch\Java\Advance java\Eclipse IDE\Spring Boot\ShivadnyaConstruction)
2025-09-04 20:55:32 [restartedMain] DEBUG c.s.ShivadnyaConstructionApplication - Running with Spring Boot v3.5.5, Spring v6.2.10
2025-09-04 20:55:32 [restartedMain] INFO  c.s.ShivadnyaConstructionApplication - No active profile set, falling back to 1 default profile: "default"
2025-09-04 20:55:32 [restartedMain] INFO  o.s.b.w.e.tomcat.TomcatWebServer - Tomcat initialized with port 8080 (http)
2025-09-04 20:55:32 [restartedMain] INFO  o.a.catalina.core.StandardService - Starting service [Tomcat]
2025-09-04 20:55:32 [restartedMain] INFO  o.a.catalina.core.StandardEngine - Starting Servlet engine: [Apache Tomcat/10.1.44]
2025-09-04 20:55:32 [restartedMain] INFO  o.a.c.c.C.[Tomcat].[localhost].[/] - Initializing Spring embedded WebApplicationContext
2025-09-04 20:55:32 [restartedMain] INFO  o.s.b.w.s.c.ServletWebServerApplicationContext - Root WebApplicationContext: initialization completed in 135 ms
2025-09-04 20:55:32 [restartedMain] WARN  o.s.b.a.t.ThymeleafAutoConfiguration$DefaultTemplateResolverConfiguration - Cannot find template location: classpath:/templates/ (please add some templates, check your Thymeleaf configuration, or set spring.thymeleaf.check-template-location=false)
2025-09-04 20:55:32 [restartedMain] INFO  o.s.b.d.a.OptionalLiveReloadServer - LiveReload server is running on port 35729
2025-09-04 20:55:32 [restartedMain] INFO  o.s.b.w.e.tomcat.TomcatWebServer - Tomcat started on port 8080 (http) with context path '/'
2025-09-04 20:55:32 [restartedMain] INFO  c.s.ShivadnyaConstructionApplication - Started ShivadnyaConstructionApplication in 0.218 seconds (process running for 25355.457)
2025-09-04 20:55:32 [restartedMain] INFO  o.s.b.d.a.ConditionEvaluationDeltaLoggingListener - Condition evaluation unchanged
2025-09-04 20:55:32 [restartedMain] INFO  c.s.ShivadnyaConstructionApplication - ShivadnyaConstructionApplication.main()
2025-09-04 20:58:43 [File Watcher] INFO  o.s.b.d.a.LocalDevToolsAutoConfiguration$RestartingClassPathChangeChangedEventListener - Restarting due to 1 class path change (1 addition, 0 deletions, 0 modifications)
2025-09-04 20:58:43 [Thread-55] INFO  o.s.b.w.e.tomcat.GracefulShutdown - Commencing graceful shutdown. Waiting for active requests to complete
2025-09-04 20:58:43 [tomcat-shutdown] INFO  o.s.b.w.e.tomcat.GracefulShutdown - Graceful shutdown complete
2025-09-04 20:58:43 [restartedMain] INFO  c.s.ShivadnyaConstructionApplication - Starting ShivadnyaConstructionApplication using Java 17.0.10 with PID 21608 (C:\Users\Niteen\OneDrive\Documents\September Batch\Java\Advance java\Eclipse IDE\Spring Boot\ShivadnyaConstruction\target\classes started by Niteen in C:\Users\Niteen\OneDrive\Documents\September Batch\Java\Advance java\Eclipse IDE\Spring Boot\ShivadnyaConstruction)
2025-09-04 20:58:43 [restartedMain] DEBUG c.s.ShivadnyaConstructionApplication - Running with Spring Boot v3.5.5, Spring v6.2.10
2025-09-04 20:58:43 [restartedMain] INFO  c.s.ShivadnyaConstructionApplication - No active profile set, falling back to 1 default profile: "default"
2025-09-04 20:58:43 [restartedMain] INFO  o.s.b.w.e.tomcat.TomcatWebServer - Tomcat initialized with port 8080 (http)
2025-09-04 20:58:43 [restartedMain] INFO  o.a.catalina.core.StandardService - Starting service [Tomcat]
2025-09-04 20:58:43 [restartedMain] INFO  o.a.catalina.core.StandardEngine - Starting Servlet engine: [Apache Tomcat/10.1.44]
2025-09-04 20:58:43 [restartedMain] INFO  o.a.c.c.C.[Tomcat].[localhost].[/] - Initializing Spring embedded WebApplicationContext
2025-09-04 20:58:43 [restartedMain] INFO  o.s.b.w.s.c.ServletWebServerApplicationContext - Root WebApplicationContext: initialization completed in 161 ms
2025-09-04 20:58:43 [restartedMain] WARN  o.s.b.a.t.ThymeleafAutoConfiguration$DefaultTemplateResolverConfiguration - Cannot find template location: classpath:/templates/ (please add some templates, check your Thymeleaf configuration, or set spring.thymeleaf.check-template-location=false)
2025-09-04 20:58:43 [restartedMain] INFO  o.s.b.d.a.OptionalLiveReloadServer - LiveReload server is running on port 35729
2025-09-04 20:58:43 [restartedMain] INFO  o.s.b.w.e.tomcat.TomcatWebServer - Tomcat started on port 8080 (http) with context path '/'
2025-09-04 20:58:43 [restartedMain] INFO  c.s.ShivadnyaConstructionApplication - Started ShivadnyaConstructionApplication in 0.275 seconds (process running for 25546.745)
2025-09-04 20:58:43 [restartedMain] INFO  o.s.b.d.a.ConditionEvaluationDeltaLoggingListener - Condition evaluation unchanged
2025-09-04 20:58:43 [restartedMain] INFO  c.s.ShivadnyaConstructionApplication - ShivadnyaConstructionApplication.main()
2025-09-04 20:59:08 [File Watcher] INFO  o.s.b.d.a.LocalDevToolsAutoConfiguration$RestartingClassPathChangeChangedEventListener - Restarting due to 1 class path change (1 addition, 0 deletions, 0 modifications)
2025-09-04 20:59:08 [Thread-59] INFO  o.s.b.w.e.tomcat.GracefulShutdown - Commencing graceful shutdown. Waiting for active requests to complete
2025-09-04 20:59:08 [tomcat-shutdown] INFO  o.s.b.w.e.tomcat.GracefulShutdown - Graceful shutdown complete
2025-09-04 20:59:08 [restartedMain] INFO  c.s.ShivadnyaConstructionApplication - Starting ShivadnyaConstructionApplication using Java 17.0.10 with PID 21608 (C:\Users\Niteen\OneDrive\Documents\September Batch\Java\Advance java\Eclipse IDE\Spring Boot\ShivadnyaConstruction\target\classes started by Niteen in C:\Users\Niteen\OneDrive\Documents\September Batch\Java\Advance java\Eclipse IDE\Spring Boot\ShivadnyaConstruction)
2025-09-04 20:59:08 [restartedMain] DEBUG c.s.ShivadnyaConstructionApplication - Running with Spring Boot v3.5.5, Spring v6.2.10
2025-09-04 20:59:08 [restartedMain] INFO  c.s.ShivadnyaConstructionApplication - No active profile set, falling back to 1 default profile: "default"
2025-09-04 20:59:08 [restartedMain] INFO  o.s.b.w.e.tomcat.TomcatWebServer - Tomcat initialized with port 8080 (http)
2025-09-04 20:59:08 [restartedMain] INFO  o.a.catalina.core.StandardService - Starting service [Tomcat]
2025-09-04 20:59:08 [restartedMain] INFO  o.a.catalina.core.StandardEngine - Starting Servlet engine: [Apache Tomcat/10.1.44]
2025-09-04 20:59:08 [restartedMain] INFO  o.a.c.c.C.[Tomcat].[localhost].[/] - Initializing Spring embedded WebApplicationContext
2025-09-04 20:59:08 [restartedMain] INFO  o.s.b.w.s.c.ServletWebServerApplicationContext - Root WebApplicationContext: initialization completed in 115 ms
2025-09-04 20:59:08 [restartedMain] WARN  o.s.b.a.t.ThymeleafAutoConfiguration$DefaultTemplateResolverConfiguration - Cannot find template location: classpath:/templates/ (please add some templates, check your Thymeleaf configuration, or set spring.thymeleaf.check-template-location=false)
2025-09-04 20:59:08 [restartedMain] INFO  o.s.b.d.a.OptionalLiveReloadServer - LiveReload server is running on port 35729
2025-09-04 20:59:08 [restartedMain] INFO  o.s.b.w.e.tomcat.TomcatWebServer - Tomcat started on port 8080 (http) with context path '/'
2025-09-04 20:59:08 [restartedMain] INFO  c.s.ShivadnyaConstructionApplication - Started ShivadnyaConstructionApplication in 0.188 seconds (process running for 25572.058)
2025-09-04 20:59:08 [restartedMain] INFO  o.s.b.d.a.ConditionEvaluationDeltaLoggingListener - Condition evaluation unchanged
2025-09-04 20:59:08 [restartedMain] INFO  c.s.ShivadnyaConstructionApplication - ShivadnyaConstructionApplication.main()
