2025-09-06 22:51:45 [background-preinit] INFO  o.h.validator.internal.util.Version - HV000001: Hibernate Validator 8.0.3.Final
2025-09-06 22:51:45 [restartedMain] INFO  c.s.ShivadnyaConstructionApplication - Starting ShivadnyaConstructionApplication using Java 17.0.10 with PID 12864 (C:\Users\Niteen\OneDrive\Documents\September Batch\Java\Advance java\Eclipse IDE\Spring Boot\ShivadnyaConstruction\target\classes started by Niteen in C:\Users\Niteen\OneDrive\Documents\September Batch\Java\Advance java\Eclipse IDE\Spring Boot\ShivadnyaConstruction)
2025-09-06 22:51:45 [restartedMain] DEBUG c.s.ShivadnyaConstructionApplication - Running with Spring Boot v3.5.5, Spring v6.2.10
2025-09-06 22:51:45 [restartedMain] INFO  c.s.ShivadnyaConstructionApplication - No active profile set, falling back to 1 default profile: "default"
2025-09-06 22:51:45 [restartedMain] INFO  o.s.b.d.e.DevToolsPropertyDefaultsPostProcessor - Devtools property defaults active! Set 'spring.devtools.add-properties' to 'false' to disable
2025-09-06 22:51:45 [restartedMain] INFO  o.s.b.d.e.DevToolsPropertyDefaultsPostProcessor - For additional web related logging consider setting the 'logging.level.web' property to 'DEBUG'
2025-09-06 22:51:46 [restartedMain] INFO  o.s.b.w.e.tomcat.TomcatWebServer - Tomcat initialized with port 8080 (http)
2025-09-06 22:51:46 [restartedMain] INFO  o.a.coyote.http11.Http11NioProtocol - Initializing ProtocolHandler ["http-nio-8080"]
2025-09-06 22:51:46 [restartedMain] INFO  o.a.catalina.core.StandardService - Starting service [Tomcat]
2025-09-06 22:51:46 [restartedMain] INFO  o.a.catalina.core.StandardEngine - Starting Servlet engine: [Apache Tomcat/10.1.44]
2025-09-06 22:51:46 [restartedMain] INFO  o.a.c.c.C.[Tomcat].[localhost].[/] - Initializing Spring embedded WebApplicationContext
2025-09-06 22:51:46 [restartedMain] INFO  o.s.b.w.s.c.ServletWebServerApplicationContext - Root WebApplicationContext: initialization completed in 1064 ms
2025-09-06 22:51:47 [restartedMain] INFO  o.s.b.a.w.s.WelcomePageHandlerMapping - Adding welcome page template: index
2025-09-06 22:51:47 [restartedMain] INFO  org.quartz.impl.StdSchedulerFactory - Using default implementation for ThreadExecutor
2025-09-06 22:51:47 [restartedMain] INFO  o.quartz.core.SchedulerSignalerImpl - Initialized Scheduler Signaller of type: class org.quartz.core.SchedulerSignalerImpl
2025-09-06 22:51:47 [restartedMain] INFO  org.quartz.core.QuartzScheduler - Quartz Scheduler v2.5.0 created.
2025-09-06 22:51:47 [restartedMain] INFO  org.quartz.simpl.RAMJobStore - RAMJobStore initialized.
2025-09-06 22:51:47 [restartedMain] INFO  org.quartz.core.QuartzScheduler - Scheduler meta-data: Quartz Scheduler (v2.5.0) 'quartzScheduler' with instanceId 'NON_CLUSTERED'
  Scheduler class: 'org.quartz.core.QuartzScheduler' - running locally.
  NOT STARTED.
  Currently in standby mode.
  Number of jobs executed: 0
  Using thread pool 'org.quartz.simpl.SimpleThreadPool' - with 10 threads.
  Using job-store 'org.quartz.simpl.RAMJobStore' - which does not support persistence. and is not clustered.

2025-09-06 22:51:47 [restartedMain] INFO  org.quartz.impl.StdSchedulerFactory - Quartz scheduler 'quartzScheduler' initialized from an externally provided properties instance.
2025-09-06 22:51:47 [restartedMain] INFO  org.quartz.impl.StdSchedulerFactory - Quartz scheduler version: 2.5.0
2025-09-06 22:51:47 [restartedMain] INFO  org.quartz.core.QuartzScheduler - JobFactory set to: org.springframework.scheduling.quartz.SpringBeanJobFactory@1188deab
2025-09-06 22:51:47 [restartedMain] WARN  o.s.b.d.a.OptionalLiveReloadServer - Unable to start LiveReload server
2025-09-06 22:51:47 [restartedMain] INFO  o.a.coyote.http11.Http11NioProtocol - Starting ProtocolHandler ["http-nio-8080"]
2025-09-06 22:51:47 [restartedMain] WARN  o.s.b.w.s.c.AnnotationConfigServletWebServerApplicationContext - Exception encountered during context initialization - cancelling refresh attempt: org.springframework.context.ApplicationContextException: Failed to start bean 'webServerStartStop'
2025-09-06 22:51:47 [restartedMain] INFO  o.s.s.quartz.SchedulerFactoryBean - Shutting down Quartz Scheduler
2025-09-06 22:51:47 [restartedMain] INFO  org.quartz.core.QuartzScheduler - Scheduler quartzScheduler_$_NON_CLUSTERED shutting down.
2025-09-06 22:51:47 [restartedMain] INFO  org.quartz.core.QuartzScheduler - Scheduler quartzScheduler_$_NON_CLUSTERED paused.
2025-09-06 22:51:47 [restartedMain] INFO  org.quartz.core.QuartzScheduler - Scheduler quartzScheduler_$_NON_CLUSTERED shutdown complete.
2025-09-06 22:51:47 [restartedMain] INFO  o.s.b.a.l.ConditionEvaluationReportLogger - 

Error starting ApplicationContext. To display the condition evaluation report re-run your application with 'debug' enabled.
2025-09-06 22:51:47 [restartedMain] ERROR o.s.b.d.LoggingFailureAnalysisReporter - 

***************************
APPLICATION FAILED TO START
***************************

Description:

Web server failed to start. Port 8080 was already in use.

Action:

Identify and stop the process that's listening on port 8080 or configure this application to listen on another port.

2025-09-06 22:52:02 [http-nio-8080-exec-3] WARN  o.t.s.p.AbstractStandardFragmentInsertionTagProcessor - [THYMELEAF][http-nio-8080-exec-3][index] Deprecated unwrapped fragment expression "layout::layout(~{::section})" found in template index, line 3, col 2. Please use the complete syntax of fragment expressions instead ("~{layout::layout(~{::section})}"). The old, unwrapped syntax for fragment expressions will be removed in future versions of Thymeleaf.
2025-09-06 22:53:32 [File Watcher] INFO  o.s.b.d.a.LocalDevToolsAutoConfiguration$RestartingClassPathChangeChangedEventListener - Restarting due to 18 class path changes (0 additions, 17 deletions, 1 modification)
2025-09-06 22:53:32 [Thread-7] INFO  org.quartz.core.QuartzScheduler - Scheduler quartzScheduler_$_NON_CLUSTERED paused.
2025-09-06 22:53:32 [Thread-7] INFO  o.s.b.w.e.tomcat.GracefulShutdown - Commencing graceful shutdown. Waiting for active requests to complete
2025-09-06 22:53:32 [tomcat-shutdown] INFO  o.a.coyote.http11.Http11NioProtocol - Pausing ProtocolHandler ["http-nio-8080"]
2025-09-06 22:53:32 [tomcat-shutdown] INFO  o.s.b.w.e.tomcat.GracefulShutdown - Graceful shutdown complete
2025-09-06 22:53:32 [Thread-7] INFO  o.a.coyote.http11.Http11NioProtocol - Stopping ProtocolHandler ["http-nio-8080"]
2025-09-06 22:53:32 [Thread-7] INFO  o.s.s.quartz.SchedulerFactoryBean - Shutting down Quartz Scheduler
2025-09-06 22:53:32 [Thread-7] INFO  org.quartz.core.QuartzScheduler - Scheduler quartzScheduler_$_NON_CLUSTERED shutting down.
2025-09-06 22:53:32 [Thread-7] INFO  org.quartz.core.QuartzScheduler - Scheduler quartzScheduler_$_NON_CLUSTERED paused.
2025-09-06 22:53:32 [Thread-7] INFO  org.quartz.core.QuartzScheduler - Scheduler quartzScheduler_$_NON_CLUSTERED shutdown complete.
2025-09-06 22:53:33 [restartedMain] INFO  c.s.ShivadnyaConstructionApplication - Starting ShivadnyaConstructionApplication using Java 17.0.10 with PID 20940 (C:\Users\Niteen\OneDrive\Documents\September Batch\Java\Advance java\Eclipse IDE\Spring Boot\ShivadnyaConstruction\target\classes started by Niteen in C:\Users\Niteen\OneDrive\Documents\September Batch\Java\Advance java\Eclipse IDE\Spring Boot\ShivadnyaConstruction)
2025-09-06 22:53:33 [restartedMain] DEBUG c.s.ShivadnyaConstructionApplication - Running with Spring Boot v3.5.5, Spring v6.2.10
2025-09-06 22:53:33 [restartedMain] INFO  c.s.ShivadnyaConstructionApplication - No active profile set, falling back to 1 default profile: "default"
2025-09-06 22:53:33 [restartedMain] INFO  o.s.b.w.e.tomcat.TomcatWebServer - Tomcat initialized with port 8080 (http)
2025-09-06 22:53:33 [restartedMain] INFO  o.a.coyote.http11.Http11NioProtocol - Initializing ProtocolHandler ["http-nio-8080"]
2025-09-06 22:53:33 [restartedMain] INFO  o.a.catalina.core.StandardService - Starting service [Tomcat]
2025-09-06 22:53:33 [restartedMain] INFO  o.a.catalina.core.StandardEngine - Starting Servlet engine: [Apache Tomcat/10.1.44]
2025-09-06 22:53:33 [restartedMain] INFO  o.a.c.c.C.[Tomcat].[localhost].[/] - Initializing Spring embedded WebApplicationContext
2025-09-06 22:53:33 [restartedMain] INFO  o.s.b.w.s.c.ServletWebServerApplicationContext - Root WebApplicationContext: initialization completed in 693 ms
2025-09-06 22:53:33 [restartedMain] INFO  o.s.b.a.w.s.WelcomePageHandlerMapping - Adding welcome page template: index
2025-09-06 22:53:33 [restartedMain] INFO  org.quartz.impl.StdSchedulerFactory - Using default implementation for ThreadExecutor
2025-09-06 22:53:33 [restartedMain] INFO  o.quartz.core.SchedulerSignalerImpl - Initialized Scheduler Signaller of type: class org.quartz.core.SchedulerSignalerImpl
2025-09-06 22:53:33 [restartedMain] INFO  org.quartz.core.QuartzScheduler - Quartz Scheduler v2.5.0 created.
2025-09-06 22:53:33 [restartedMain] INFO  org.quartz.simpl.RAMJobStore - RAMJobStore initialized.
2025-09-06 22:53:33 [restartedMain] INFO  org.quartz.core.QuartzScheduler - Scheduler meta-data: Quartz Scheduler (v2.5.0) 'quartzScheduler' with instanceId 'NON_CLUSTERED'
  Scheduler class: 'org.quartz.core.QuartzScheduler' - running locally.
  NOT STARTED.
  Currently in standby mode.
  Number of jobs executed: 0
  Using thread pool 'org.quartz.simpl.SimpleThreadPool' - with 10 threads.
  Using job-store 'org.quartz.simpl.RAMJobStore' - which does not support persistence. and is not clustered.

2025-09-06 22:53:33 [restartedMain] INFO  org.quartz.impl.StdSchedulerFactory - Quartz scheduler 'quartzScheduler' initialized from an externally provided properties instance.
2025-09-06 22:53:33 [restartedMain] INFO  org.quartz.impl.StdSchedulerFactory - Quartz scheduler version: 2.5.0
2025-09-06 22:53:33 [restartedMain] INFO  org.quartz.core.QuartzScheduler - JobFactory set to: org.springframework.scheduling.quartz.SpringBeanJobFactory@4d19b1cf
2025-09-06 22:53:33 [restartedMain] INFO  o.s.b.d.a.OptionalLiveReloadServer - LiveReload server is running on port 35729
2025-09-06 22:53:33 [restartedMain] INFO  o.a.coyote.http11.Http11NioProtocol - Starting ProtocolHandler ["http-nio-8080"]
2025-09-06 22:53:33 [restartedMain] INFO  o.s.b.w.e.tomcat.TomcatWebServer - Tomcat started on port 8080 (http) with context path '/'
2025-09-06 22:53:33 [restartedMain] INFO  o.s.s.quartz.SchedulerFactoryBean - Starting Quartz Scheduler now
2025-09-06 22:53:33 [restartedMain] INFO  org.quartz.core.QuartzScheduler - Scheduler quartzScheduler_$_NON_CLUSTERED started.
2025-09-06 22:53:33 [restartedMain] INFO  c.s.ShivadnyaConstructionApplication - Started ShivadnyaConstructionApplication in 0.984 seconds (process running for 2477.705)
2025-09-06 22:53:33 [restartedMain] INFO  o.s.b.d.a.ConditionEvaluationDeltaLoggingListener - Condition evaluation delta:


==========================
CONDITION EVALUATION DELTA
==========================


Positive matches:
-----------------

   MessageSourceAutoConfiguration matched:
      - ResourceBundle found bundle file [C:\Users\Niteen\OneDrive\Documents\September Batch\Java\Advance java\Eclipse IDE\Spring Boot\ShivadnyaConstruction\target\classes\messages.properties] (MessageSourceAutoConfiguration.ResourceBundleCondition)
      - @ConditionalOnMissingBean (names: messageSource; SearchStrategy: current) did not find any beans (OnBeanCondition)

   WebMvcAutoConfiguration.EnableWebMvcConfiguration#localeResolver matched:
      - @ConditionalOnMissingBean (names: localeResolver; SearchStrategy: all) did not find any beans (OnBeanCondition)


Negative matches:
-----------------

    None


Exclusions:
-----------

    None


Unconditional classes:
----------------------

    None



2025-09-06 22:53:33 [restartedMain] INFO  c.s.ShivadnyaConstructionApplication - ShivadnyaConstructionApplication.main()
2025-09-06 22:53:36 [File Watcher] INFO  o.s.b.d.a.LocalDevToolsAutoConfiguration$RestartingClassPathChangeChangedEventListener - Restarting due to 14 class path changes (14 additions, 0 deletions, 0 modifications)
2025-09-06 22:53:36 [Thread-11] INFO  org.quartz.core.QuartzScheduler - Scheduler quartzScheduler_$_NON_CLUSTERED paused.
2025-09-06 22:53:36 [Thread-11] INFO  o.s.b.w.e.tomcat.GracefulShutdown - Commencing graceful shutdown. Waiting for active requests to complete
2025-09-06 22:53:36 [tomcat-shutdown] INFO  o.a.coyote.http11.Http11NioProtocol - Pausing ProtocolHandler ["http-nio-8080"]
2025-09-06 22:53:36 [tomcat-shutdown] INFO  o.s.b.w.e.tomcat.GracefulShutdown - Graceful shutdown complete
2025-09-06 22:53:36 [Thread-11] INFO  o.a.coyote.http11.Http11NioProtocol - Stopping ProtocolHandler ["http-nio-8080"]
2025-09-06 22:53:36 [Thread-11] INFO  o.s.s.quartz.SchedulerFactoryBean - Shutting down Quartz Scheduler
2025-09-06 22:53:36 [Thread-11] INFO  org.quartz.core.QuartzScheduler - Scheduler quartzScheduler_$_NON_CLUSTERED shutting down.
2025-09-06 22:53:36 [Thread-11] INFO  org.quartz.core.QuartzScheduler - Scheduler quartzScheduler_$_NON_CLUSTERED paused.
2025-09-06 22:53:36 [Thread-11] INFO  org.quartz.core.QuartzScheduler - Scheduler quartzScheduler_$_NON_CLUSTERED shutdown complete.
2025-09-06 22:53:37 [restartedMain] INFO  c.s.ShivadnyaConstructionApplication - Starting ShivadnyaConstructionApplication using Java 17.0.10 with PID 20940 (C:\Users\Niteen\OneDrive\Documents\September Batch\Java\Advance java\Eclipse IDE\Spring Boot\ShivadnyaConstruction\target\classes started by Niteen in C:\Users\Niteen\OneDrive\Documents\September Batch\Java\Advance java\Eclipse IDE\Spring Boot\ShivadnyaConstruction)
2025-09-06 22:53:37 [restartedMain] DEBUG c.s.ShivadnyaConstructionApplication - Running with Spring Boot v3.5.5, Spring v6.2.10
2025-09-06 22:53:37 [restartedMain] INFO  c.s.ShivadnyaConstructionApplication - No active profile set, falling back to 1 default profile: "default"
2025-09-06 22:53:37 [restartedMain] INFO  o.s.b.w.e.tomcat.TomcatWebServer - Tomcat initialized with port 8080 (http)
2025-09-06 22:53:37 [restartedMain] INFO  o.a.coyote.http11.Http11NioProtocol - Initializing ProtocolHandler ["http-nio-8080"]
2025-09-06 22:53:37 [restartedMain] INFO  o.a.catalina.core.StandardService - Starting service [Tomcat]
2025-09-06 22:53:37 [restartedMain] INFO  o.a.catalina.core.StandardEngine - Starting Servlet engine: [Apache Tomcat/10.1.44]
2025-09-06 22:53:37 [restartedMain] INFO  o.a.c.c.C.[Tomcat].[localhost].[/] - Initializing Spring embedded WebApplicationContext
2025-09-06 22:53:37 [restartedMain] INFO  o.s.b.w.s.c.ServletWebServerApplicationContext - Root WebApplicationContext: initialization completed in 444 ms
2025-09-06 22:53:37 [restartedMain] INFO  o.s.b.a.w.s.WelcomePageHandlerMapping - Adding welcome page template: index
2025-09-06 22:53:37 [restartedMain] INFO  org.quartz.impl.StdSchedulerFactory - Using default implementation for ThreadExecutor
2025-09-06 22:53:37 [restartedMain] INFO  o.quartz.core.SchedulerSignalerImpl - Initialized Scheduler Signaller of type: class org.quartz.core.SchedulerSignalerImpl
2025-09-06 22:53:37 [restartedMain] INFO  org.quartz.core.QuartzScheduler - Quartz Scheduler v2.5.0 created.
2025-09-06 22:53:37 [restartedMain] INFO  org.quartz.simpl.RAMJobStore - RAMJobStore initialized.
2025-09-06 22:53:37 [restartedMain] INFO  org.quartz.core.QuartzScheduler - Scheduler meta-data: Quartz Scheduler (v2.5.0) 'quartzScheduler' with instanceId 'NON_CLUSTERED'
  Scheduler class: 'org.quartz.core.QuartzScheduler' - running locally.
  NOT STARTED.
  Currently in standby mode.
  Number of jobs executed: 0
  Using thread pool 'org.quartz.simpl.SimpleThreadPool' - with 10 threads.
  Using job-store 'org.quartz.simpl.RAMJobStore' - which does not support persistence. and is not clustered.

2025-09-06 22:53:37 [restartedMain] INFO  org.quartz.impl.StdSchedulerFactory - Quartz scheduler 'quartzScheduler' initialized from an externally provided properties instance.
2025-09-06 22:53:37 [restartedMain] INFO  org.quartz.impl.StdSchedulerFactory - Quartz scheduler version: 2.5.0
2025-09-06 22:53:37 [restartedMain] INFO  org.quartz.core.QuartzScheduler - JobFactory set to: org.springframework.scheduling.quartz.SpringBeanJobFactory@3e466252
2025-09-06 22:53:37 [restartedMain] INFO  o.s.b.d.a.OptionalLiveReloadServer - LiveReload server is running on port 35729
2025-09-06 22:53:37 [restartedMain] INFO  o.a.coyote.http11.Http11NioProtocol - Starting ProtocolHandler ["http-nio-8080"]
2025-09-06 22:53:37 [restartedMain] INFO  o.s.b.w.e.tomcat.TomcatWebServer - Tomcat started on port 8080 (http) with context path '/'
2025-09-06 22:53:37 [restartedMain] INFO  o.s.s.quartz.SchedulerFactoryBean - Starting Quartz Scheduler now
2025-09-06 22:53:37 [restartedMain] INFO  org.quartz.core.QuartzScheduler - Scheduler quartzScheduler_$_NON_CLUSTERED started.
2025-09-06 22:53:37 [restartedMain] INFO  c.s.ShivadnyaConstructionApplication - Started ShivadnyaConstructionApplication in 0.694 seconds (process running for 2481.423)
2025-09-06 22:53:37 [restartedMain] INFO  o.s.b.d.a.ConditionEvaluationDeltaLoggingListener - Condition evaluation delta:


==========================
CONDITION EVALUATION DELTA
==========================


Positive matches:
-----------------

    None


Negative matches:
-----------------

   MessageSourceAutoConfiguration:
      Did not match:
         - @ConditionalOnMissingBean (names: messageSource; SearchStrategy: current) found beans named messageSource (OnBeanCondition)
      Matched:
         - ResourceBundle found bundle file [C:\Users\Niteen\OneDrive\Documents\September Batch\Java\Advance java\Eclipse IDE\Spring Boot\ShivadnyaConstruction\target\classes\messages.properties] (MessageSourceAutoConfiguration.ResourceBundleCondition)

   WebMvcAutoConfiguration.EnableWebMvcConfiguration#localeResolver:
      Did not match:
         - @ConditionalOnMissingBean (names: localeResolver; SearchStrategy: all) found beans named localeResolver (OnBeanCondition)


Exclusions:
-----------

    None


Unconditional classes:
----------------------

    None



2025-09-06 22:53:37 [restartedMain] INFO  c.s.ShivadnyaConstructionApplication - ShivadnyaConstructionApplication.main()
2025-09-06 22:53:40 [background-preinit] INFO  o.h.validator.internal.util.Version - HV000001: Hibernate Validator 8.0.3.Final
2025-09-06 22:53:40 [main] INFO  c.s.ShivadnyaConstructionApplicationTests - Starting ShivadnyaConstructionApplicationTests using Java 17.0.10 with PID 20404 (started by Niteen in C:\Users\Niteen\OneDrive\Documents\September Batch\Java\Advance java\Eclipse IDE\Spring Boot\ShivadnyaConstruction)
2025-09-06 22:53:40 [main] DEBUG c.s.ShivadnyaConstructionApplicationTests - Running with Spring Boot v3.5.5, Spring v6.2.10
2025-09-06 22:53:40 [main] INFO  c.s.ShivadnyaConstructionApplicationTests - No active profile set, falling back to 1 default profile: "default"
2025-09-06 22:53:43 [main] INFO  o.s.b.a.w.s.WelcomePageHandlerMapping - Adding welcome page template: index
2025-09-06 22:53:43 [main] INFO  org.quartz.impl.StdSchedulerFactory - Using default implementation for ThreadExecutor
2025-09-06 22:53:43 [main] INFO  o.quartz.core.SchedulerSignalerImpl - Initialized Scheduler Signaller of type: class org.quartz.core.SchedulerSignalerImpl
2025-09-06 22:53:43 [main] INFO  org.quartz.core.QuartzScheduler - Quartz Scheduler v2.5.0 created.
2025-09-06 22:53:43 [main] INFO  org.quartz.simpl.RAMJobStore - RAMJobStore initialized.
2025-09-06 22:53:43 [main] INFO  org.quartz.core.QuartzScheduler - Scheduler meta-data: Quartz Scheduler (v2.5.0) 'quartzScheduler' with instanceId 'NON_CLUSTERED'
  Scheduler class: 'org.quartz.core.QuartzScheduler' - running locally.
  NOT STARTED.
  Currently in standby mode.
  Number of jobs executed: 0
  Using thread pool 'org.quartz.simpl.SimpleThreadPool' - with 10 threads.
  Using job-store 'org.quartz.simpl.RAMJobStore' - which does not support persistence. and is not clustered.

2025-09-06 22:53:43 [main] INFO  org.quartz.impl.StdSchedulerFactory - Quartz scheduler 'quartzScheduler' initialized from an externally provided properties instance.
2025-09-06 22:53:43 [main] INFO  org.quartz.impl.StdSchedulerFactory - Quartz scheduler version: 2.5.0
2025-09-06 22:53:43 [main] INFO  org.quartz.core.QuartzScheduler - JobFactory set to: org.springframework.scheduling.quartz.SpringBeanJobFactory@1e76afeb
2025-09-06 22:53:43 [main] INFO  o.s.s.quartz.SchedulerFactoryBean - Starting Quartz Scheduler now
2025-09-06 22:53:43 [main] INFO  org.quartz.core.QuartzScheduler - Scheduler quartzScheduler_$_NON_CLUSTERED started.
2025-09-06 22:53:44 [main] INFO  c.s.ShivadnyaConstructionApplicationTests - Started ShivadnyaConstructionApplicationTests in 3.51 seconds (process running for 4.648)
2025-09-06 22:53:45 [SpringApplicationShutdownHook] INFO  org.quartz.core.QuartzScheduler - Scheduler quartzScheduler_$_NON_CLUSTERED paused.
2025-09-06 22:53:45 [SpringApplicationShutdownHook] INFO  o.s.s.quartz.SchedulerFactoryBean - Shutting down Quartz Scheduler
2025-09-06 22:53:45 [SpringApplicationShutdownHook] INFO  org.quartz.core.QuartzScheduler - Scheduler quartzScheduler_$_NON_CLUSTERED shutting down.
2025-09-06 22:53:45 [SpringApplicationShutdownHook] INFO  org.quartz.core.QuartzScheduler - Scheduler quartzScheduler_$_NON_CLUSTERED paused.
2025-09-06 22:53:45 [SpringApplicationShutdownHook] INFO  org.quartz.core.QuartzScheduler - Scheduler quartzScheduler_$_NON_CLUSTERED shutdown complete.
2025-09-06 22:54:52 [background-preinit] INFO  o.h.validator.internal.util.Version - HV000001: Hibernate Validator 8.0.3.Final
2025-09-06 22:54:52 [restartedMain] INFO  c.s.ShivadnyaConstructionApplication - Starting ShivadnyaConstructionApplication using Java 17.0.10 with PID 11732 (C:\Users\Niteen\OneDrive\Documents\September Batch\Java\Advance java\Eclipse IDE\Spring Boot\ShivadnyaConstruction\target\classes started by Niteen in C:\Users\Niteen\OneDrive\Documents\September Batch\Java\Advance java\Eclipse IDE\Spring Boot\ShivadnyaConstruction)
2025-09-06 22:54:52 [restartedMain] DEBUG c.s.ShivadnyaConstructionApplication - Running with Spring Boot v3.5.5, Spring v6.2.10
2025-09-06 22:54:52 [restartedMain] INFO  c.s.ShivadnyaConstructionApplication - No active profile set, falling back to 1 default profile: "default"
2025-09-06 22:54:53 [restartedMain] INFO  o.s.b.d.e.DevToolsPropertyDefaultsPostProcessor - Devtools property defaults active! Set 'spring.devtools.add-properties' to 'false' to disable
2025-09-06 22:54:53 [restartedMain] INFO  o.s.b.d.e.DevToolsPropertyDefaultsPostProcessor - For additional web related logging consider setting the 'logging.level.web' property to 'DEBUG'
2025-09-06 22:54:53 [restartedMain] INFO  o.s.b.w.e.tomcat.TomcatWebServer - Tomcat initialized with port 8080 (http)
2025-09-06 22:54:53 [restartedMain] INFO  o.a.coyote.http11.Http11NioProtocol - Initializing ProtocolHandler ["http-nio-8080"]
2025-09-06 22:54:53 [restartedMain] INFO  o.a.catalina.core.StandardService - Starting service [Tomcat]
2025-09-06 22:54:53 [restartedMain] INFO  o.a.catalina.core.StandardEngine - Starting Servlet engine: [Apache Tomcat/10.1.44]
2025-09-06 22:54:53 [restartedMain] INFO  o.a.c.c.C.[Tomcat].[localhost].[/] - Initializing Spring embedded WebApplicationContext
2025-09-06 22:54:53 [restartedMain] INFO  o.s.b.w.s.c.ServletWebServerApplicationContext - Root WebApplicationContext: initialization completed in 862 ms
2025-09-06 22:54:54 [restartedMain] INFO  o.s.b.a.w.s.WelcomePageHandlerMapping - Adding welcome page template: index
2025-09-06 22:54:54 [restartedMain] INFO  org.quartz.impl.StdSchedulerFactory - Using default implementation for ThreadExecutor
2025-09-06 22:54:54 [restartedMain] INFO  o.quartz.core.SchedulerSignalerImpl - Initialized Scheduler Signaller of type: class org.quartz.core.SchedulerSignalerImpl
2025-09-06 22:54:54 [restartedMain] INFO  org.quartz.core.QuartzScheduler - Quartz Scheduler v2.5.0 created.
2025-09-06 22:54:54 [restartedMain] INFO  org.quartz.simpl.RAMJobStore - RAMJobStore initialized.
2025-09-06 22:54:54 [restartedMain] INFO  org.quartz.core.QuartzScheduler - Scheduler meta-data: Quartz Scheduler (v2.5.0) 'quartzScheduler' with instanceId 'NON_CLUSTERED'
  Scheduler class: 'org.quartz.core.QuartzScheduler' - running locally.
  NOT STARTED.
  Currently in standby mode.
  Number of jobs executed: 0
  Using thread pool 'org.quartz.simpl.SimpleThreadPool' - with 10 threads.
  Using job-store 'org.quartz.simpl.RAMJobStore' - which does not support persistence. and is not clustered.

2025-09-06 22:54:54 [restartedMain] INFO  org.quartz.impl.StdSchedulerFactory - Quartz scheduler 'quartzScheduler' initialized from an externally provided properties instance.
2025-09-06 22:54:54 [restartedMain] INFO  org.quartz.impl.StdSchedulerFactory - Quartz scheduler version: 2.5.0
2025-09-06 22:54:54 [restartedMain] INFO  org.quartz.core.QuartzScheduler - JobFactory set to: org.springframework.scheduling.quartz.SpringBeanJobFactory@63621212
2025-09-06 22:54:54 [restartedMain] WARN  o.s.b.d.a.OptionalLiveReloadServer - Unable to start LiveReload server
2025-09-06 22:54:54 [restartedMain] INFO  o.a.coyote.http11.Http11NioProtocol - Starting ProtocolHandler ["http-nio-8080"]
2025-09-06 22:54:54 [restartedMain] WARN  o.s.b.w.s.c.AnnotationConfigServletWebServerApplicationContext - Exception encountered during context initialization - cancelling refresh attempt: org.springframework.context.ApplicationContextException: Failed to start bean 'webServerStartStop'
2025-09-06 22:54:54 [restartedMain] INFO  o.s.s.quartz.SchedulerFactoryBean - Shutting down Quartz Scheduler
2025-09-06 22:54:54 [restartedMain] INFO  org.quartz.core.QuartzScheduler - Scheduler quartzScheduler_$_NON_CLUSTERED shutting down.
2025-09-06 22:54:54 [restartedMain] INFO  org.quartz.core.QuartzScheduler - Scheduler quartzScheduler_$_NON_CLUSTERED paused.
2025-09-06 22:54:54 [restartedMain] INFO  org.quartz.core.QuartzScheduler - Scheduler quartzScheduler_$_NON_CLUSTERED shutdown complete.
2025-09-06 22:54:54 [restartedMain] INFO  o.s.b.a.l.ConditionEvaluationReportLogger - 

Error starting ApplicationContext. To display the condition evaluation report re-run your application with 'debug' enabled.
2025-09-06 22:54:54 [restartedMain] ERROR o.s.b.d.LoggingFailureAnalysisReporter - 

***************************
APPLICATION FAILED TO START
***************************

Description:

Web server failed to start. Port 8080 was already in use.

Action:

Identify and stop the process that's listening on port 8080 or configure this application to listen on another port.

2025-09-06 22:55:12 [RMI TCP Connection(46)-127.0.0.1] INFO  o.s.b.a.SpringApplicationAdminMXBeanRegistrar$SpringApplicationAdmin - Application shutdown requested.
2025-09-06 22:55:12 [RMI TCP Connection(46)-127.0.0.1] INFO  org.quartz.core.QuartzScheduler - Scheduler quartzScheduler_$_NON_CLUSTERED paused.
2025-09-06 22:55:12 [RMI TCP Connection(46)-127.0.0.1] INFO  o.s.b.w.e.tomcat.GracefulShutdown - Commencing graceful shutdown. Waiting for active requests to complete
2025-09-06 22:55:12 [tomcat-shutdown] INFO  o.a.coyote.http11.Http11NioProtocol - Pausing ProtocolHandler ["http-nio-8080"]
2025-09-06 22:55:12 [tomcat-shutdown] INFO  o.s.b.w.e.tomcat.GracefulShutdown - Graceful shutdown complete
2025-09-06 22:55:12 [RMI TCP Connection(46)-127.0.0.1] INFO  o.a.coyote.http11.Http11NioProtocol - Stopping ProtocolHandler ["http-nio-8080"]
2025-09-06 22:55:12 [RMI TCP Connection(46)-127.0.0.1] INFO  o.s.s.quartz.SchedulerFactoryBean - Shutting down Quartz Scheduler
2025-09-06 22:55:12 [RMI TCP Connection(46)-127.0.0.1] INFO  org.quartz.core.QuartzScheduler - Scheduler quartzScheduler_$_NON_CLUSTERED shutting down.
2025-09-06 22:55:12 [RMI TCP Connection(46)-127.0.0.1] INFO  org.quartz.core.QuartzScheduler - Scheduler quartzScheduler_$_NON_CLUSTERED paused.
2025-09-06 22:55:12 [RMI TCP Connection(46)-127.0.0.1] INFO  org.quartz.core.QuartzScheduler - Scheduler quartzScheduler_$_NON_CLUSTERED shutdown complete.
2025-09-06 22:56:13 [background-preinit] INFO  o.h.validator.internal.util.Version - HV000001: Hibernate Validator 8.0.3.Final
2025-09-06 22:56:13 [restartedMain] INFO  c.s.ShivadnyaConstructionApplication - Starting ShivadnyaConstructionApplication using Java 17.0.10 with PID 25580 (C:\Users\Niteen\OneDrive\Documents\September Batch\Java\Advance java\Eclipse IDE\Spring Boot\ShivadnyaConstruction\target\classes started by Niteen in C:\Users\Niteen\OneDrive\Documents\September Batch\Java\Advance java\Eclipse IDE\Spring Boot\ShivadnyaConstruction)
2025-09-06 22:56:13 [restartedMain] DEBUG c.s.ShivadnyaConstructionApplication - Running with Spring Boot v3.5.5, Spring v6.2.10
2025-09-06 22:56:13 [restartedMain] INFO  c.s.ShivadnyaConstructionApplication - No active profile set, falling back to 1 default profile: "default"
2025-09-06 22:56:13 [restartedMain] INFO  o.s.b.d.e.DevToolsPropertyDefaultsPostProcessor - Devtools property defaults active! Set 'spring.devtools.add-properties' to 'false' to disable
2025-09-06 22:56:13 [restartedMain] INFO  o.s.b.d.e.DevToolsPropertyDefaultsPostProcessor - For additional web related logging consider setting the 'logging.level.web' property to 'DEBUG'
2025-09-06 22:56:14 [restartedMain] INFO  o.s.b.w.e.tomcat.TomcatWebServer - Tomcat initialized with port 8080 (http)
2025-09-06 22:56:14 [restartedMain] INFO  o.a.coyote.http11.Http11NioProtocol - Initializing ProtocolHandler ["http-nio-8080"]
2025-09-06 22:56:14 [restartedMain] INFO  o.a.catalina.core.StandardService - Starting service [Tomcat]
2025-09-06 22:56:14 [restartedMain] INFO  o.a.catalina.core.StandardEngine - Starting Servlet engine: [Apache Tomcat/10.1.44]
2025-09-06 22:56:14 [restartedMain] INFO  o.a.c.c.C.[Tomcat].[localhost].[/] - Initializing Spring embedded WebApplicationContext
2025-09-06 22:56:14 [restartedMain] INFO  o.s.b.w.s.c.ServletWebServerApplicationContext - Root WebApplicationContext: initialization completed in 900 ms
2025-09-06 22:56:14 [restartedMain] INFO  o.s.b.a.w.s.WelcomePageHandlerMapping - Adding welcome page template: index
2025-09-06 22:56:14 [restartedMain] INFO  org.quartz.impl.StdSchedulerFactory - Using default implementation for ThreadExecutor
2025-09-06 22:56:14 [restartedMain] INFO  o.quartz.core.SchedulerSignalerImpl - Initialized Scheduler Signaller of type: class org.quartz.core.SchedulerSignalerImpl
2025-09-06 22:56:14 [restartedMain] INFO  org.quartz.core.QuartzScheduler - Quartz Scheduler v2.5.0 created.
2025-09-06 22:56:14 [restartedMain] INFO  org.quartz.simpl.RAMJobStore - RAMJobStore initialized.
2025-09-06 22:56:14 [restartedMain] INFO  org.quartz.core.QuartzScheduler - Scheduler meta-data: Quartz Scheduler (v2.5.0) 'quartzScheduler' with instanceId 'NON_CLUSTERED'
  Scheduler class: 'org.quartz.core.QuartzScheduler' - running locally.
  NOT STARTED.
  Currently in standby mode.
  Number of jobs executed: 0
  Using thread pool 'org.quartz.simpl.SimpleThreadPool' - with 10 threads.
  Using job-store 'org.quartz.simpl.RAMJobStore' - which does not support persistence. and is not clustered.

2025-09-06 22:56:14 [restartedMain] INFO  org.quartz.impl.StdSchedulerFactory - Quartz scheduler 'quartzScheduler' initialized from an externally provided properties instance.
2025-09-06 22:56:14 [restartedMain] INFO  org.quartz.impl.StdSchedulerFactory - Quartz scheduler version: 2.5.0
2025-09-06 22:56:14 [restartedMain] INFO  org.quartz.core.QuartzScheduler - JobFactory set to: org.springframework.scheduling.quartz.SpringBeanJobFactory@25f2f4ef
2025-09-06 22:56:14 [restartedMain] INFO  o.s.b.d.a.OptionalLiveReloadServer - LiveReload server is running on port 35729
2025-09-06 22:56:14 [restartedMain] INFO  o.a.coyote.http11.Http11NioProtocol - Starting ProtocolHandler ["http-nio-8080"]
2025-09-06 22:56:14 [restartedMain] INFO  o.s.b.w.e.tomcat.TomcatWebServer - Tomcat started on port 8080 (http) with context path '/'
2025-09-06 22:56:14 [restartedMain] INFO  o.s.s.quartz.SchedulerFactoryBean - Starting Quartz Scheduler now
2025-09-06 22:56:14 [restartedMain] INFO  org.quartz.core.QuartzScheduler - Scheduler quartzScheduler_$_NON_CLUSTERED started.
2025-09-06 22:56:14 [restartedMain] INFO  c.s.ShivadnyaConstructionApplication - Started ShivadnyaConstructionApplication in 1.743 seconds (process running for 2.069)
2025-09-06 22:56:14 [restartedMain] INFO  c.s.ShivadnyaConstructionApplication - ShivadnyaConstructionApplication.main()
2025-09-06 23:00:19 [http-nio-8080-exec-1] INFO  o.a.c.c.C.[Tomcat].[localhost].[/] - Initializing Spring DispatcherServlet 'dispatcherServlet'
2025-09-06 23:00:19 [http-nio-8080-exec-1] INFO  o.s.web.servlet.DispatcherServlet - Initializing Servlet 'dispatcherServlet'
2025-09-06 23:00:19 [http-nio-8080-exec-1] INFO  o.s.web.servlet.DispatcherServlet - Completed initialization in 4 ms
2025-09-06 23:00:19 [http-nio-8080-exec-1] WARN  o.t.s.p.AbstractStandardFragmentInsertionTagProcessor - [THYMELEAF][http-nio-8080-exec-1][index] Deprecated unwrapped fragment expression "layout::layout(~{::section})" found in template index, line 3, col 2. Please use the complete syntax of fragment expressions instead ("~{layout::layout(~{::section})}"). The old, unwrapped syntax for fragment expressions will be removed in future versions of Thymeleaf.
2025-09-06 23:00:32 [http-nio-8080-exec-9] WARN  o.t.s.p.AbstractStandardFragmentInsertionTagProcessor - [THYMELEAF][http-nio-8080-exec-9][index] Deprecated unwrapped fragment expression "layout::layout(~{::section})" found in template index, line 3, col 2. Please use the complete syntax of fragment expressions instead ("~{layout::layout(~{::section})}"). The old, unwrapped syntax for fragment expressions will be removed in future versions of Thymeleaf.
2025-09-06 23:01:09 [http-nio-8080-exec-3] WARN  o.t.s.p.AbstractStandardFragmentInsertionTagProcessor - [THYMELEAF][http-nio-8080-exec-3][services] Deprecated unwrapped fragment expression "layout::layout(~{::section})" found in template services, line 3, col 2. Please use the complete syntax of fragment expressions instead ("~{layout::layout(~{::section})}"). The old, unwrapped syntax for fragment expressions will be removed in future versions of Thymeleaf.
2025-09-06 23:01:19 [http-nio-8080-exec-6] WARN  o.t.s.p.AbstractStandardFragmentInsertionTagProcessor - [THYMELEAF][http-nio-8080-exec-6][services] Deprecated unwrapped fragment expression "layout::layout(~{::section})" found in template services, line 3, col 2. Please use the complete syntax of fragment expressions instead ("~{layout::layout(~{::section})}"). The old, unwrapped syntax for fragment expressions will be removed in future versions of Thymeleaf.
2025-09-06 23:02:42 [http-nio-8080-exec-4] WARN  o.t.s.p.AbstractStandardFragmentInsertionTagProcessor - [THYMELEAF][http-nio-8080-exec-4][index] Deprecated unwrapped fragment expression "layout::layout(~{::section})" found in template index, line 3, col 2. Please use the complete syntax of fragment expressions instead ("~{layout::layout(~{::section})}"). The old, unwrapped syntax for fragment expressions will be removed in future versions of Thymeleaf.
2025-09-06 23:03:18 [http-nio-8080-exec-7] WARN  o.t.s.p.AbstractStandardFragmentInsertionTagProcessor - [THYMELEAF][http-nio-8080-exec-7][index] Deprecated unwrapped fragment expression "layout::layout(~{::section})" found in template index, line 3, col 2. Please use the complete syntax of fragment expressions instead ("~{layout::layout(~{::section})}"). The old, unwrapped syntax for fragment expressions will be removed in future versions of Thymeleaf.
2025-09-06 23:03:34 [background-preinit] INFO  o.h.validator.internal.util.Version - HV000001: Hibernate Validator 8.0.3.Final
2025-09-06 23:03:34 [restartedMain] INFO  c.s.ShivadnyaConstructionApplication - Starting ShivadnyaConstructionApplication using Java 17.0.10 with PID 21072 (C:\Users\Niteen\OneDrive\Documents\September Batch\Java\Advance java\Eclipse IDE\Spring Boot\ShivadnyaConstruction\target\classes started by Niteen in C:\Users\Niteen\OneDrive\Documents\September Batch\Java\Advance java\Eclipse IDE\Spring Boot\ShivadnyaConstruction)
2025-09-06 23:03:34 [restartedMain] DEBUG c.s.ShivadnyaConstructionApplication - Running with Spring Boot v3.5.5, Spring v6.2.10
2025-09-06 23:03:34 [restartedMain] INFO  c.s.ShivadnyaConstructionApplication - No active profile set, falling back to 1 default profile: "default"
2025-09-06 23:03:34 [restartedMain] INFO  o.s.b.d.e.DevToolsPropertyDefaultsPostProcessor - Devtools property defaults active! Set 'spring.devtools.add-properties' to 'false' to disable
2025-09-06 23:03:34 [restartedMain] INFO  o.s.b.d.e.DevToolsPropertyDefaultsPostProcessor - For additional web related logging consider setting the 'logging.level.web' property to 'DEBUG'
2025-09-06 23:03:36 [restartedMain] INFO  o.s.b.w.e.tomcat.TomcatWebServer - Tomcat initialized with port 8080 (http)
2025-09-06 23:03:36 [restartedMain] INFO  o.a.coyote.http11.Http11NioProtocol - Initializing ProtocolHandler ["http-nio-8080"]
2025-09-06 23:03:36 [restartedMain] INFO  o.a.catalina.core.StandardService - Starting service [Tomcat]
2025-09-06 23:03:36 [restartedMain] INFO  o.a.catalina.core.StandardEngine - Starting Servlet engine: [Apache Tomcat/10.1.44]
2025-09-06 23:03:36 [restartedMain] INFO  o.a.c.c.C.[Tomcat].[localhost].[/] - Initializing Spring embedded WebApplicationContext
2025-09-06 23:03:36 [restartedMain] INFO  o.s.b.w.s.c.ServletWebServerApplicationContext - Root WebApplicationContext: initialization completed in 2250 ms
2025-09-06 23:03:37 [restartedMain] INFO  o.s.b.a.w.s.WelcomePageHandlerMapping - Adding welcome page template: index
2025-09-06 23:03:37 [restartedMain] INFO  org.quartz.impl.StdSchedulerFactory - Using default implementation for ThreadExecutor
2025-09-06 23:03:37 [restartedMain] INFO  o.quartz.core.SchedulerSignalerImpl - Initialized Scheduler Signaller of type: class org.quartz.core.SchedulerSignalerImpl
2025-09-06 23:03:37 [restartedMain] INFO  org.quartz.core.QuartzScheduler - Quartz Scheduler v2.5.0 created.
2025-09-06 23:03:37 [restartedMain] INFO  org.quartz.simpl.RAMJobStore - RAMJobStore initialized.
2025-09-06 23:03:37 [restartedMain] INFO  org.quartz.core.QuartzScheduler - Scheduler meta-data: Quartz Scheduler (v2.5.0) 'quartzScheduler' with instanceId 'NON_CLUSTERED'
  Scheduler class: 'org.quartz.core.QuartzScheduler' - running locally.
  NOT STARTED.
  Currently in standby mode.
  Number of jobs executed: 0
  Using thread pool 'org.quartz.simpl.SimpleThreadPool' - with 10 threads.
  Using job-store 'org.quartz.simpl.RAMJobStore' - which does not support persistence. and is not clustered.

2025-09-06 23:03:37 [restartedMain] INFO  org.quartz.impl.StdSchedulerFactory - Quartz scheduler 'quartzScheduler' initialized from an externally provided properties instance.
2025-09-06 23:03:37 [restartedMain] INFO  org.quartz.impl.StdSchedulerFactory - Quartz scheduler version: 2.5.0
2025-09-06 23:03:37 [restartedMain] INFO  org.quartz.core.QuartzScheduler - JobFactory set to: org.springframework.scheduling.quartz.SpringBeanJobFactory@778d936b
2025-09-06 23:03:37 [restartedMain] WARN  o.s.b.d.a.OptionalLiveReloadServer - Unable to start LiveReload server
2025-09-06 23:03:37 [restartedMain] INFO  o.a.coyote.http11.Http11NioProtocol - Starting ProtocolHandler ["http-nio-8080"]
2025-09-06 23:03:37 [restartedMain] WARN  o.s.b.w.s.c.AnnotationConfigServletWebServerApplicationContext - Exception encountered during context initialization - cancelling refresh attempt: org.springframework.context.ApplicationContextException: Failed to start bean 'webServerStartStop'
2025-09-06 23:03:37 [restartedMain] INFO  o.s.s.quartz.SchedulerFactoryBean - Shutting down Quartz Scheduler
2025-09-06 23:03:37 [restartedMain] INFO  org.quartz.core.QuartzScheduler - Scheduler quartzScheduler_$_NON_CLUSTERED shutting down.
2025-09-06 23:03:37 [restartedMain] INFO  org.quartz.core.QuartzScheduler - Scheduler quartzScheduler_$_NON_CLUSTERED paused.
2025-09-06 23:03:37 [restartedMain] INFO  org.quartz.core.QuartzScheduler - Scheduler quartzScheduler_$_NON_CLUSTERED shutdown complete.
2025-09-06 23:03:37 [restartedMain] INFO  o.s.b.a.l.ConditionEvaluationReportLogger - 

Error starting ApplicationContext. To display the condition evaluation report re-run your application with 'debug' enabled.
2025-09-06 23:03:37 [restartedMain] ERROR o.s.b.d.LoggingFailureAnalysisReporter - 

***************************
APPLICATION FAILED TO START
***************************

Description:

Web server failed to start. Port 8080 was already in use.

Action:

Identify and stop the process that's listening on port 8080 or configure this application to listen on another port.

2025-09-06 23:03:56 [http-nio-8080-exec-5] WARN  o.t.s.p.AbstractStandardFragmentInsertionTagProcessor - [THYMELEAF][http-nio-8080-exec-5][index] Deprecated unwrapped fragment expression "layout::layout(~{::section})" found in template index, line 3, col 2. Please use the complete syntax of fragment expressions instead ("~{layout::layout(~{::section})}"). The old, unwrapped syntax for fragment expressions will be removed in future versions of Thymeleaf.
2025-09-06 23:03:57 [http-nio-8080-exec-1] WARN  o.t.s.p.AbstractStandardFragmentInsertionTagProcessor - [THYMELEAF][http-nio-8080-exec-1][index] Deprecated unwrapped fragment expression "layout::layout(~{::section})" found in template index, line 3, col 2. Please use the complete syntax of fragment expressions instead ("~{layout::layout(~{::section})}"). The old, unwrapped syntax for fragment expressions will be removed in future versions of Thymeleaf.
2025-09-06 23:03:59 [http-nio-8080-exec-5] WARN  o.t.s.p.AbstractStandardFragmentInsertionTagProcessor - [THYMELEAF][http-nio-8080-exec-5][index] Deprecated unwrapped fragment expression "layout::layout(~{::section})" found in template index, line 3, col 2. Please use the complete syntax of fragment expressions instead ("~{layout::layout(~{::section})}"). The old, unwrapped syntax for fragment expressions will be removed in future versions of Thymeleaf.
2025-09-06 23:04:00 [http-nio-8080-exec-10] WARN  o.t.s.p.AbstractStandardFragmentInsertionTagProcessor - [THYMELEAF][http-nio-8080-exec-10][index] Deprecated unwrapped fragment expression "layout::layout(~{::section})" found in template index, line 3, col 2. Please use the complete syntax of fragment expressions instead ("~{layout::layout(~{::section})}"). The old, unwrapped syntax for fragment expressions will be removed in future versions of Thymeleaf.
2025-09-06 23:04:03 [http-nio-8080-exec-6] WARN  o.t.s.p.AbstractStandardFragmentInsertionTagProcessor - [THYMELEAF][http-nio-8080-exec-6][index] Deprecated unwrapped fragment expression "layout::layout(~{::section})" found in template index, line 3, col 2. Please use the complete syntax of fragment expressions instead ("~{layout::layout(~{::section})}"). The old, unwrapped syntax for fragment expressions will be removed in future versions of Thymeleaf.
2025-09-06 23:05:30 [http-nio-8080-exec-2] WARN  o.t.s.p.AbstractStandardFragmentInsertionTagProcessor - [THYMELEAF][http-nio-8080-exec-2][index] Deprecated unwrapped fragment expression "layout::layout(~{::section})" found in template index, line 3, col 2. Please use the complete syntax of fragment expressions instead ("~{layout::layout(~{::section})}"). The old, unwrapped syntax for fragment expressions will be removed in future versions of Thymeleaf.
2025-09-06 23:06:18 [http-nio-8080-exec-1] WARN  o.t.s.p.AbstractStandardFragmentInsertionTagProcessor - [THYMELEAF][http-nio-8080-exec-1][index] Deprecated unwrapped fragment expression "layout::layout(~{::section})" found in template index, line 3, col 2. Please use the complete syntax of fragment expressions instead ("~{layout::layout(~{::section})}"). The old, unwrapped syntax for fragment expressions will be removed in future versions of Thymeleaf.
2025-09-06 23:06:28 [http-nio-8080-exec-3] WARN  o.t.s.p.AbstractStandardFragmentInsertionTagProcessor - [THYMELEAF][http-nio-8080-exec-3][services] Deprecated unwrapped fragment expression "layout::layout(~{::section})" found in template services, line 3, col 2. Please use the complete syntax of fragment expressions instead ("~{layout::layout(~{::section})}"). The old, unwrapped syntax for fragment expressions will be removed in future versions of Thymeleaf.
2025-09-06 23:07:25 [http-nio-8080-exec-3] WARN  o.t.s.p.AbstractStandardFragmentInsertionTagProcessor - [THYMELEAF][http-nio-8080-exec-3][index] Deprecated unwrapped fragment expression "layout::layout(~{::section})" found in template index, line 3, col 2. Please use the complete syntax of fragment expressions instead ("~{layout::layout(~{::section})}"). The old, unwrapped syntax for fragment expressions will be removed in future versions of Thymeleaf.
2025-09-06 23:07:36 [http-nio-8080-exec-10] WARN  o.t.s.p.AbstractStandardFragmentInsertionTagProcessor - [THYMELEAF][http-nio-8080-exec-10][services] Deprecated unwrapped fragment expression "layout::layout(~{::section})" found in template services, line 3, col 2. Please use the complete syntax of fragment expressions instead ("~{layout::layout(~{::section})}"). The old, unwrapped syntax for fragment expressions will be removed in future versions of Thymeleaf.
2025-09-06 23:07:39 [http-nio-8080-exec-7] WARN  o.t.s.p.AbstractStandardFragmentInsertionTagProcessor - [THYMELEAF][http-nio-8080-exec-7][index] Deprecated unwrapped fragment expression "layout::layout(~{::section})" found in template index, line 3, col 2. Please use the complete syntax of fragment expressions instead ("~{layout::layout(~{::section})}"). The old, unwrapped syntax for fragment expressions will be removed in future versions of Thymeleaf.
2025-09-06 23:08:19 [http-nio-8080-exec-2] WARN  o.t.s.p.AbstractStandardFragmentInsertionTagProcessor - [THYMELEAF][http-nio-8080-exec-2][index] Deprecated unwrapped fragment expression "layout::layout(~{::section})" found in template index, line 3, col 2. Please use the complete syntax of fragment expressions instead ("~{layout::layout(~{::section})}"). The old, unwrapped syntax for fragment expressions will be removed in future versions of Thymeleaf.
2025-09-06 23:08:23 [http-nio-8080-exec-7] WARN  o.a.c.util.SessionIdGeneratorBase - Creation of SecureRandom instance for session ID generation using [SHA1PRNG] took [328] milliseconds.
2025-09-06 23:08:23 [http-nio-8080-exec-7] WARN  o.t.s.p.AbstractStandardFragmentInsertionTagProcessor - [THYMELEAF][http-nio-8080-exec-7][index] Deprecated unwrapped fragment expression "layout::layout(~{::section})" found in template index, line 3, col 2. Please use the complete syntax of fragment expressions instead ("~{layout::layout(~{::section})}"). The old, unwrapped syntax for fragment expressions will be removed in future versions of Thymeleaf.
2025-09-06 23:08:36 [http-nio-8080-exec-9] WARN  o.t.s.p.AbstractStandardFragmentInsertionTagProcessor - [THYMELEAF][http-nio-8080-exec-9][index] Deprecated unwrapped fragment expression "layout::layout(~{::section})" found in template index, line 3, col 2. Please use the complete syntax of fragment expressions instead ("~{layout::layout(~{::section})}"). The old, unwrapped syntax for fragment expressions will be removed in future versions of Thymeleaf.
2025-09-06 23:08:49 [http-nio-8080-exec-10] WARN  o.t.s.p.AbstractStandardFragmentInsertionTagProcessor - [THYMELEAF][http-nio-8080-exec-10][index] Deprecated unwrapped fragment expression "layout::layout(~{::section})" found in template index, line 3, col 2. Please use the complete syntax of fragment expressions instead ("~{layout::layout(~{::section})}"). The old, unwrapped syntax for fragment expressions will be removed in future versions of Thymeleaf.
2025-09-06 23:09:40 [http-nio-8080-exec-6] WARN  o.t.s.p.AbstractStandardFragmentInsertionTagProcessor - [THYMELEAF][http-nio-8080-exec-6][about] Deprecated unwrapped fragment expression "layout::layout(~{::section})" found in template about, line 3, col 2. Please use the complete syntax of fragment expressions instead ("~{layout::layout(~{::section})}"). The old, unwrapped syntax for fragment expressions will be removed in future versions of Thymeleaf.
2025-09-06 23:09:44 [http-nio-8080-exec-1] WARN  o.t.s.p.AbstractStandardFragmentInsertionTagProcessor - [THYMELEAF][http-nio-8080-exec-1][services] Deprecated unwrapped fragment expression "layout::layout(~{::section})" found in template services, line 3, col 2. Please use the complete syntax of fragment expressions instead ("~{layout::layout(~{::section})}"). The old, unwrapped syntax for fragment expressions will be removed in future versions of Thymeleaf.
2025-09-06 23:09:45 [http-nio-8080-exec-8] WARN  o.t.s.p.AbstractStandardFragmentInsertionTagProcessor - [THYMELEAF][http-nio-8080-exec-8][projects] Deprecated unwrapped fragment expression "layout::layout(~{::section})" found in template projects, line 3, col 2. Please use the complete syntax of fragment expressions instead ("~{layout::layout(~{::section})}"). The old, unwrapped syntax for fragment expressions will be removed in future versions of Thymeleaf.
2025-09-06 23:09:58 [http-nio-8080-exec-10] WARN  o.t.s.p.AbstractStandardFragmentInsertionTagProcessor - [THYMELEAF][http-nio-8080-exec-10][gallery] Deprecated unwrapped fragment expression "layout::layout(~{::section})" found in template gallery, line 3, col 2. Please use the complete syntax of fragment expressions instead ("~{layout::layout(~{::section})}"). The old, unwrapped syntax for fragment expressions will be removed in future versions of Thymeleaf.
2025-09-06 23:10:05 [http-nio-8080-exec-7] WARN  o.t.s.p.AbstractStandardFragmentInsertionTagProcessor - [THYMELEAF][http-nio-8080-exec-7][contact] Deprecated unwrapped fragment expression "layout::layout(~{::section})" found in template contact, line 3, col 2. Please use the complete syntax of fragment expressions instead ("~{layout::layout(~{::section})}"). The old, unwrapped syntax for fragment expressions will be removed in future versions of Thymeleaf.
2025-09-06 23:12:05 [http-nio-8080-exec-10] WARN  o.t.s.p.AbstractStandardFragmentInsertionTagProcessor - [THYMELEAF][http-nio-8080-exec-10][contact] Deprecated unwrapped fragment expression "layout::layout(~{::section})" found in template contact, line 3, col 2. Please use the complete syntax of fragment expressions instead ("~{layout::layout(~{::section})}"). The old, unwrapped syntax for fragment expressions will be removed in future versions of Thymeleaf.
2025-09-06 23:14:42 [http-nio-8080-exec-1] WARN  o.t.s.p.AbstractStandardFragmentInsertionTagProcessor - [THYMELEAF][http-nio-8080-exec-1][services] Deprecated unwrapped fragment expression "layout::layout(~{::section})" found in template services, line 3, col 2. Please use the complete syntax of fragment expressions instead ("~{layout::layout(~{::section})}"). The old, unwrapped syntax for fragment expressions will be removed in future versions of Thymeleaf.
2025-09-06 23:17:08 [http-nio-8080-exec-5] WARN  o.t.s.p.AbstractStandardFragmentInsertionTagProcessor - [THYMELEAF][http-nio-8080-exec-5][index] Deprecated unwrapped fragment expression "layout::layout(~{::section})" found in template index, line 3, col 2. Please use the complete syntax of fragment expressions instead ("~{layout::layout(~{::section})}"). The old, unwrapped syntax for fragment expressions will be removed in future versions of Thymeleaf.
2025-09-06 23:17:13 [http-nio-8080-exec-7] WARN  o.t.s.p.AbstractStandardFragmentInsertionTagProcessor - [THYMELEAF][http-nio-8080-exec-7][projects] Deprecated unwrapped fragment expression "layout::layout(~{::section})" found in template projects, line 3, col 2. Please use the complete syntax of fragment expressions instead ("~{layout::layout(~{::section})}"). The old, unwrapped syntax for fragment expressions will be removed in future versions of Thymeleaf.
2025-09-06 23:17:14 [http-nio-8080-exec-2] WARN  o.t.s.p.AbstractStandardFragmentInsertionTagProcessor - [THYMELEAF][http-nio-8080-exec-2][gallery] Deprecated unwrapped fragment expression "layout::layout(~{::section})" found in template gallery, line 3, col 2. Please use the complete syntax of fragment expressions instead ("~{layout::layout(~{::section})}"). The old, unwrapped syntax for fragment expressions will be removed in future versions of Thymeleaf.
2025-09-06 23:17:15 [http-nio-8080-exec-4] WARN  o.t.s.p.AbstractStandardFragmentInsertionTagProcessor - [THYMELEAF][http-nio-8080-exec-4][contact] Deprecated unwrapped fragment expression "layout::layout(~{::section})" found in template contact, line 3, col 2. Please use the complete syntax of fragment expressions instead ("~{layout::layout(~{::section})}"). The old, unwrapped syntax for fragment expressions will be removed in future versions of Thymeleaf.
2025-09-06 23:17:18 [http-nio-8080-exec-3] WARN  o.t.s.p.AbstractStandardFragmentInsertionTagProcessor - [THYMELEAF][http-nio-8080-exec-3][about] Deprecated unwrapped fragment expression "layout::layout(~{::section})" found in template about, line 3, col 2. Please use the complete syntax of fragment expressions instead ("~{layout::layout(~{::section})}"). The old, unwrapped syntax for fragment expressions will be removed in future versions of Thymeleaf.
2025-09-06 23:17:19 [http-nio-8080-exec-9] WARN  o.t.s.p.AbstractStandardFragmentInsertionTagProcessor - [THYMELEAF][http-nio-8080-exec-9][index] Deprecated unwrapped fragment expression "layout::layout(~{::section})" found in template index, line 3, col 2. Please use the complete syntax of fragment expressions instead ("~{layout::layout(~{::section})}"). The old, unwrapped syntax for fragment expressions will be removed in future versions of Thymeleaf.
2025-09-06 23:17:20 [http-nio-8080-exec-10] WARN  o.t.s.p.AbstractStandardFragmentInsertionTagProcessor - [THYMELEAF][http-nio-8080-exec-10][index] Deprecated unwrapped fragment expression "layout::layout(~{::section})" found in template index, line 3, col 2. Please use the complete syntax of fragment expressions instead ("~{layout::layout(~{::section})}"). The old, unwrapped syntax for fragment expressions will be removed in future versions of Thymeleaf.
2025-09-06 23:24:30 [http-nio-8080-exec-7] WARN  o.t.s.p.AbstractStandardFragmentInsertionTagProcessor - [THYMELEAF][http-nio-8080-exec-7][services] Deprecated unwrapped fragment expression "layout::layout(~{::section})" found in template services, line 3, col 2. Please use the complete syntax of fragment expressions instead ("~{layout::layout(~{::section})}"). The old, unwrapped syntax for fragment expressions will be removed in future versions of Thymeleaf.
2025-09-06 23:24:31 [http-nio-8080-exec-2] WARN  o.t.s.p.AbstractStandardFragmentInsertionTagProcessor - [THYMELEAF][http-nio-8080-exec-2][projects] Deprecated unwrapped fragment expression "layout::layout(~{::section})" found in template projects, line 3, col 2. Please use the complete syntax of fragment expressions instead ("~{layout::layout(~{::section})}"). The old, unwrapped syntax for fragment expressions will be removed in future versions of Thymeleaf.
2025-09-06 23:24:36 [http-nio-8080-exec-3] WARN  o.t.s.p.AbstractStandardFragmentInsertionTagProcessor - [THYMELEAF][http-nio-8080-exec-3][gallery] Deprecated unwrapped fragment expression "layout::layout(~{::section})" found in template gallery, line 3, col 2. Please use the complete syntax of fragment expressions instead ("~{layout::layout(~{::section})}"). The old, unwrapped syntax for fragment expressions will be removed in future versions of Thymeleaf.
2025-09-06 23:24:37 [http-nio-8080-exec-9] WARN  o.t.s.p.AbstractStandardFragmentInsertionTagProcessor - [THYMELEAF][http-nio-8080-exec-9][contact] Deprecated unwrapped fragment expression "layout::layout(~{::section})" found in template contact, line 3, col 2. Please use the complete syntax of fragment expressions instead ("~{layout::layout(~{::section})}"). The old, unwrapped syntax for fragment expressions will be removed in future versions of Thymeleaf.
2025-09-06 23:24:42 [http-nio-8080-exec-10] WARN  o.t.s.p.AbstractStandardFragmentInsertionTagProcessor - [THYMELEAF][http-nio-8080-exec-10][index] Deprecated unwrapped fragment expression "layout::layout(~{::section})" found in template index, line 3, col 2. Please use the complete syntax of fragment expressions instead ("~{layout::layout(~{::section})}"). The old, unwrapped syntax for fragment expressions will be removed in future versions of Thymeleaf.
2025-09-06 23:24:53 [http-nio-8080-exec-8] WARN  o.t.s.p.AbstractStandardFragmentInsertionTagProcessor - [THYMELEAF][http-nio-8080-exec-8][index] Deprecated unwrapped fragment expression "layout::layout(~{::section})" found in template index, line 3, col 2. Please use the complete syntax of fragment expressions instead ("~{layout::layout(~{::section})}"). The old, unwrapped syntax for fragment expressions will be removed in future versions of Thymeleaf.
2025-09-06 23:25:05 [http-nio-8080-exec-4] WARN  o.t.s.p.AbstractStandardFragmentInsertionTagProcessor - [THYMELEAF][http-nio-8080-exec-4][index] Deprecated unwrapped fragment expression "layout::layout(~{::section})" found in template index, line 3, col 2. Please use the complete syntax of fragment expressions instead ("~{layout::layout(~{::section})}"). The old, unwrapped syntax for fragment expressions will be removed in future versions of Thymeleaf.
2025-09-06 23:27:02 [http-nio-8080-exec-10] WARN  o.t.s.p.AbstractStandardFragmentInsertionTagProcessor - [THYMELEAF][http-nio-8080-exec-10][index] Deprecated unwrapped fragment expression "layout::layout(~{::section})" found in template index, line 3, col 2. Please use the complete syntax of fragment expressions instead ("~{layout::layout(~{::section})}"). The old, unwrapped syntax for fragment expressions will be removed in future versions of Thymeleaf.
2025-09-06 23:27:08 [http-nio-8080-exec-8] WARN  o.t.s.p.AbstractStandardFragmentInsertionTagProcessor - [THYMELEAF][http-nio-8080-exec-8][services] Deprecated unwrapped fragment expression "layout::layout(~{::section})" found in template services, line 3, col 2. Please use the complete syntax of fragment expressions instead ("~{layout::layout(~{::section})}"). The old, unwrapped syntax for fragment expressions will be removed in future versions of Thymeleaf.
2025-09-06 23:27:09 [http-nio-8080-exec-9] WARN  o.t.s.p.AbstractStandardFragmentInsertionTagProcessor - [THYMELEAF][http-nio-8080-exec-9][projects] Deprecated unwrapped fragment expression "layout::layout(~{::section})" found in template projects, line 3, col 2. Please use the complete syntax of fragment expressions instead ("~{layout::layout(~{::section})}"). The old, unwrapped syntax for fragment expressions will be removed in future versions of Thymeleaf.
2025-09-06 23:27:14 [http-nio-8080-exec-8] WARN  o.t.s.p.AbstractStandardFragmentInsertionTagProcessor - [THYMELEAF][http-nio-8080-exec-8][index] Deprecated unwrapped fragment expression "layout::layout(~{::section})" found in template index, line 3, col 2. Please use the complete syntax of fragment expressions instead ("~{layout::layout(~{::section})}"). The old, unwrapped syntax for fragment expressions will be removed in future versions of Thymeleaf.
2025-09-06 23:27:15 [http-nio-8080-exec-5] WARN  o.t.s.p.AbstractStandardFragmentInsertionTagProcessor - [THYMELEAF][http-nio-8080-exec-5][index] Deprecated unwrapped fragment expression "layout::layout(~{::section})" found in template index, line 3, col 2. Please use the complete syntax of fragment expressions instead ("~{layout::layout(~{::section})}"). The old, unwrapped syntax for fragment expressions will be removed in future versions of Thymeleaf.
2025-09-06 23:29:19 [http-nio-8080-exec-10] WARN  o.t.s.p.AbstractStandardFragmentInsertionTagProcessor - [THYMELEAF][http-nio-8080-exec-10][index] Deprecated unwrapped fragment expression "layout::layout(~{::section})" found in template index, line 3, col 2. Please use the complete syntax of fragment expressions instead ("~{layout::layout(~{::section})}"). The old, unwrapped syntax for fragment expressions will be removed in future versions of Thymeleaf.
2025-09-07 11:16:19 [background-preinit] INFO  o.h.validator.internal.util.Version - HV000001: Hibernate Validator 8.0.3.Final
2025-09-07 11:16:19 [restartedMain] INFO  c.s.ShivadnyaConstructionApplication - Starting ShivadnyaConstructionApplication using Java 17.0.10 with PID 10092 (C:\Users\Niteen\OneDrive\Documents\September Batch\Java\Advance java\Eclipse IDE\Spring Boot\ShivadnyaConstruction\target\classes started by Niteen in C:\Users\Niteen\OneDrive\Documents\September Batch\Java\Advance java\Eclipse IDE\Spring Boot\ShivadnyaConstruction)
2025-09-07 11:16:19 [restartedMain] DEBUG c.s.ShivadnyaConstructionApplication - Running with Spring Boot v3.5.5, Spring v6.2.10
2025-09-07 11:16:19 [restartedMain] INFO  c.s.ShivadnyaConstructionApplication - No active profile set, falling back to 1 default profile: "default"
2025-09-07 11:16:19 [restartedMain] INFO  o.s.b.d.e.DevToolsPropertyDefaultsPostProcessor - Devtools property defaults active! Set 'spring.devtools.add-properties' to 'false' to disable
2025-09-07 11:16:19 [restartedMain] INFO  o.s.b.d.e.DevToolsPropertyDefaultsPostProcessor - For additional web related logging consider setting the 'logging.level.web' property to 'DEBUG'
2025-09-07 11:16:20 [restartedMain] INFO  o.s.b.w.e.tomcat.TomcatWebServer - Tomcat initialized with port 8080 (http)
2025-09-07 11:16:20 [restartedMain] INFO  o.a.coyote.http11.Http11NioProtocol - Initializing ProtocolHandler ["http-nio-8080"]
2025-09-07 11:16:20 [restartedMain] INFO  o.a.catalina.core.StandardService - Starting service [Tomcat]
2025-09-07 11:16:20 [restartedMain] INFO  o.a.catalina.core.StandardEngine - Starting Servlet engine: [Apache Tomcat/10.1.44]
2025-09-07 11:16:20 [restartedMain] INFO  o.a.c.c.C.[Tomcat].[localhost].[/] - Initializing Spring embedded WebApplicationContext
2025-09-07 11:16:20 [restartedMain] INFO  o.s.b.w.s.c.ServletWebServerApplicationContext - Root WebApplicationContext: initialization completed in 1384 ms
2025-09-07 11:16:20 [restartedMain] INFO  o.s.b.a.w.s.WelcomePageHandlerMapping - Adding welcome page template: index
2025-09-07 11:16:21 [restartedMain] INFO  org.quartz.impl.StdSchedulerFactory - Using default implementation for ThreadExecutor
2025-09-07 11:16:21 [restartedMain] INFO  o.quartz.core.SchedulerSignalerImpl - Initialized Scheduler Signaller of type: class org.quartz.core.SchedulerSignalerImpl
2025-09-07 11:16:21 [restartedMain] INFO  org.quartz.core.QuartzScheduler - Quartz Scheduler v2.5.0 created.
2025-09-07 11:16:21 [restartedMain] INFO  org.quartz.simpl.RAMJobStore - RAMJobStore initialized.
2025-09-07 11:16:21 [restartedMain] INFO  org.quartz.core.QuartzScheduler - Scheduler meta-data: Quartz Scheduler (v2.5.0) 'quartzScheduler' with instanceId 'NON_CLUSTERED'
  Scheduler class: 'org.quartz.core.QuartzScheduler' - running locally.
  NOT STARTED.
  Currently in standby mode.
  Number of jobs executed: 0
  Using thread pool 'org.quartz.simpl.SimpleThreadPool' - with 10 threads.
  Using job-store 'org.quartz.simpl.RAMJobStore' - which does not support persistence. and is not clustered.

2025-09-07 11:16:21 [restartedMain] INFO  org.quartz.impl.StdSchedulerFactory - Quartz scheduler 'quartzScheduler' initialized from an externally provided properties instance.
2025-09-07 11:16:21 [restartedMain] INFO  org.quartz.impl.StdSchedulerFactory - Quartz scheduler version: 2.5.0
2025-09-07 11:16:21 [restartedMain] INFO  org.quartz.core.QuartzScheduler - JobFactory set to: org.springframework.scheduling.quartz.SpringBeanJobFactory@61e4e789
2025-09-07 11:16:21 [restartedMain] WARN  o.s.b.d.a.OptionalLiveReloadServer - Unable to start LiveReload server
2025-09-07 11:16:21 [restartedMain] INFO  o.a.coyote.http11.Http11NioProtocol - Starting ProtocolHandler ["http-nio-8080"]
2025-09-07 11:16:21 [restartedMain] WARN  o.s.b.w.s.c.AnnotationConfigServletWebServerApplicationContext - Exception encountered during context initialization - cancelling refresh attempt: org.springframework.context.ApplicationContextException: Failed to start bean 'webServerStartStop'
2025-09-07 11:16:21 [restartedMain] INFO  o.s.s.quartz.SchedulerFactoryBean - Shutting down Quartz Scheduler
2025-09-07 11:16:21 [restartedMain] INFO  org.quartz.core.QuartzScheduler - Scheduler quartzScheduler_$_NON_CLUSTERED shutting down.
2025-09-07 11:16:21 [restartedMain] INFO  org.quartz.core.QuartzScheduler - Scheduler quartzScheduler_$_NON_CLUSTERED paused.
2025-09-07 11:16:21 [restartedMain] INFO  org.quartz.core.QuartzScheduler - Scheduler quartzScheduler_$_NON_CLUSTERED shutdown complete.
2025-09-07 11:16:21 [restartedMain] INFO  o.s.b.a.l.ConditionEvaluationReportLogger - 

Error starting ApplicationContext. To display the condition evaluation report re-run your application with 'debug' enabled.
2025-09-07 11:16:21 [restartedMain] ERROR o.s.b.d.LoggingFailureAnalysisReporter - 

***************************
APPLICATION FAILED TO START
***************************

Description:

Web server failed to start. Port 8080 was already in use.

Action:

Identify and stop the process that's listening on port 8080 or configure this application to listen on another port.

